<?xml version="1.0" encoding="UTF-8"?>
<coverage generated="1733742551065" clover="3.2.0">
  <project timestamp="1733742551065" name="All files">
    <metrics statements="347" coveredstatements="340" conditionals="155" coveredconditionals="133" methods="35" coveredmethods="33" elements="537" coveredelements="506" complexity="0" loc="347" ncloc="347" packages="1" files="3" classes="3"/>
    <file name="crypto-key.ts" path="/Users/enmotion/works/npm-project/vmo-store/use.lib/crypto-key.ts">
      <metrics statements="19" coveredstatements="19" conditionals="6" coveredconditionals="6" methods="5" coveredmethods="5"/>
      <line num="7" count="198" type="cond" truecount="1" falsecount="0"/>
      <line num="8" count="198" type="stmt"/>
      <line num="9" count="198" type="cond" truecount="1" falsecount="0"/>
      <line num="11" count="4708" type="stmt"/>
      <line num="12" count="4708" type="stmt"/>
      <line num="13" count="198" type="stmt"/>
      <line num="14" count="198" type="stmt"/>
      <line num="16" count="159" type="cond" truecount="1" falsecount="0"/>
      <line num="17" count="159" type="stmt"/>
      <line num="18" count="159" type="stmt"/>
      <line num="20" count="40" type="cond" truecount="1" falsecount="0"/>
      <line num="21" count="40" type="stmt"/>
      <line num="22" count="40" type="stmt"/>
      <line num="29" count="1" type="cond" truecount="1" falsecount="0"/>
      <line num="30" count="159" type="stmt"/>
      <line num="31" count="159" type="stmt"/>
      <line num="38" count="1" type="cond" truecount="1" falsecount="0"/>
      <line num="39" count="40" type="stmt"/>
      <line num="40" count="40" type="stmt"/>
    </file>
    <file name="default-storage.ts" path="/Users/enmotion/works/npm-project/vmo-store/use.lib/default-storage.ts">
      <metrics statements="45" coveredstatements="45" conditionals="22" coveredconditionals="22" methods="5" coveredmethods="5"/>
      <line num="6" count="1" type="stmt"/>
      <line num="7" count="1" type="cond" truecount="1" falsecount="0"/>
      <line num="8" count="160" type="cond" truecount="2" falsecount="0"/>
      <line num="9" count="160" type="stmt"/>
      <line num="10" count="160" type="stmt"/>
      <line num="11" count="1" type="cond" truecount="1" falsecount="0"/>
      <line num="12" count="56" type="cond" truecount="2" falsecount="0"/>
      <line num="13" count="56" type="stmt"/>
      <line num="14" count="56" type="stmt"/>
      <line num="15" count="1" type="cond" truecount="1" falsecount="0"/>
      <line num="16" count="8" type="cond" truecount="2" falsecount="0"/>
      <line num="17" count="8" type="stmt"/>
      <line num="18" count="8" type="stmt"/>
      <line num="19" count="1" type="cond" truecount="1" falsecount="0"/>
      <line num="20" count="43" type="cond" truecount="1" falsecount="0"/>
      <line num="21" count="42" type="cond" truecount="2" falsecount="0"/>
      <line num="22" count="42" type="stmt"/>
      <line num="23" count="43" type="cond" truecount="1" falsecount="0"/>
      <line num="24" count="1" type="stmt"/>
      <line num="25" count="1" type="stmt"/>
      <line num="26" count="1" type="stmt"/>
      <line num="27" count="43" type="stmt"/>
      <line num="28" count="1" type="cond" truecount="1" falsecount="0"/>
      <line num="29" count="24" type="cond" truecount="1" falsecount="0"/>
      <line num="30" count="2" type="cond" truecount="2" falsecount="0"/>
      <line num="31" count="2" type="stmt"/>
      <line num="32" count="2" type="stmt"/>
      <line num="33" count="2" type="cond" truecount="1" falsecount="0"/>
      <line num="34" count="4" type="stmt"/>
      <line num="35" count="4" type="stmt"/>
      <line num="36" count="2" type="stmt"/>
      <line num="37" count="24" type="cond" truecount="1" falsecount="0"/>
      <line num="38" count="22" type="stmt"/>
      <line num="39" count="22" type="stmt"/>
      <line num="40" count="22" type="stmt"/>
      <line num="41" count="22" type="cond" truecount="1" falsecount="0"/>
      <line num="42" count="10" type="stmt"/>
      <line num="43" count="10" type="stmt"/>
      <line num="44" count="22" type="cond" truecount="1" falsecount="0"/>
      <line num="45" count="6" type="stmt"/>
      <line num="46" count="6" type="stmt"/>
      <line num="47" count="22" type="stmt"/>
      <line num="48" count="22" type="stmt"/>
      <line num="49" count="24" type="stmt"/>
      <line num="50" count="1" type="stmt"/>
    </file>
    <file name="vmo-store.ts" path="/Users/enmotion/works/npm-project/vmo-store/use.lib/vmo-store.ts">
      <metrics statements="283" coveredstatements="276" conditionals="127" coveredconditionals="105" methods="25" coveredmethods="23"/>
      <line num="1" count="1" type="stmt"/>
      <line num="12" count="1" type="stmt"/>
      <line num="13" count="1" type="stmt"/>
      <line num="19" count="1" type="cond" truecount="1" falsecount="0"/>
      <line num="20" count="40" type="stmt"/>
      <line num="21" count="40" type="stmt"/>
      <line num="22" count="40" type="stmt"/>
      <line num="23" count="40" type="stmt"/>
      <line num="24" count="40" type="stmt"/>
      <line num="25" count="40" type="stmt"/>
      <line num="26" count="40" type="stmt"/>
      <line num="31" count="40" type="cond" truecount="1" falsecount="0"/>
      <line num="32" count="40" type="stmt"/>
      <line num="33" count="40" type="stmt"/>
      <line num="34" count="40" type="cond" truecount="1" falsecount="1"/>
      <line num="35" count="40" type="cond" truecount="0" falsecount="1"/>
      <line num="36" count="40" type="stmt"/>
      <line num="37" count="40" type="cond" truecount="1" falsecount="1"/>
      <line num="38" count="40" type="cond" truecount="1" falsecount="0"/>
      <line num="39" count="40" type="stmt"/>
      <line num="40" count="40" type="stmt"/>
      <line num="41" count="40" type="cond" truecount="1" falsecount="0"/>
      <line num="42" count="40" type="stmt"/>
      <line num="43" count="40" type="cond" truecount="1" falsecount="0"/>
      <line num="44" count="40" type="stmt"/>
      <line num="45" count="40" type="stmt"/>
      <line num="46" count="40" type="stmt"/>
      <line num="47" count="40" type="cond" truecount="1" falsecount="0"/>
      <line num="48" count="40" type="stmt"/>
      <line num="49" count="40" type="stmt"/>
      <line num="50" count="40" type="cond" truecount="1" falsecount="0"/>
      <line num="51" count="2" type="stmt"/>
      <line num="55" count="2" type="cond" truecount="0" falsecount="1"/>
      <line num="56" count="2" type="stmt"/>
      <line num="57" count="40" type="stmt"/>
      <line num="63" count="40" type="cond" truecount="1" falsecount="0"/>
      <line num="64" count="39" type="stmt"/>
      <line num="65" count="39" type="cond" truecount="1" falsecount="0"/>
      <line num="66" count="171" type="stmt"/>
      <line num="67" count="39" type="stmt"/>
      <line num="68" count="39" type="stmt"/>
      <line num="69" count="39" type="stmt"/>
      <line num="78" count="40" type="cond" truecount="1" falsecount="0"/>
      <line num="79" count="39" type="stmt"/>
      <line num="80" count="39" type="stmt"/>
      <line num="81" count="39" type="stmt"/>
      <line num="82" count="39" type="stmt"/>
      <line num="83" count="39" type="stmt"/>
      <line num="84" count="39" type="cond" truecount="0" falsecount="1"/>
      <line num="85" count="0" type="stmt"/>
      <line num="86" count="39" type="cond" truecount="1" falsecount="1"/>
      <line num="87" count="39" type="cond" truecount="0" falsecount="1"/>
      <line num="88" count="39" type="stmt"/>
      <line num="89" count="39" type="stmt"/>
      <line num="90" count="39" type="cond" truecount="0" falsecount="1"/>
      <line num="91" count="0" type="cond" truecount="1" falsecount="0"/>
      <line num="92" count="1" type="cond" truecount="0" falsecount="2"/>
      <line num="93" count="39" type="cond" truecount="0" falsecount="1"/>
      <line num="94" count="39" type="stmt"/>
      <line num="95" count="39" type="stmt"/>
      <line num="96" count="39" type="cond" truecount="1" falsecount="0"/>
      <line num="97" count="6" type="cond" truecount="0" falsecount="1"/>
      <line num="98" count="39" type="stmt"/>
      <line num="99" count="39" type="stmt"/>
      <line num="100" count="39" type="cond" truecount="1" falsecount="0"/>
      <line num="102" count="38" type="stmt"/>
      <line num="103" count="38" type="stmt"/>
      <line num="104" count="39" type="stmt"/>
      <line num="105" count="40" type="cond" truecount="1" falsecount="0"/>
      <line num="106" count="160" type="stmt"/>
      <line num="107" count="160" type="stmt"/>
      <line num="108" count="160" type="cond" truecount="2" falsecount="0"/>
      <line num="109" count="160" type="stmt"/>
      <line num="110" count="160" type="stmt"/>
      <line num="111" count="160" type="cond" truecount="1" falsecount="1"/>
      <line num="112" count="160" type="cond" truecount="3" falsecount="0"/>
      <line num="113" count="157" type="stmt"/>
      <line num="114" count="160" type="cond" truecount="1" falsecount="0"/>
      <line num="115" count="2" type="stmt"/>
      <line num="116" count="2" type="stmt"/>
      <line num="117" count="2" type="stmt"/>
      <line num="118" count="2" type="stmt"/>
      <line num="119" count="2" type="stmt"/>
      <line num="120" count="2" type="stmt"/>
      <line num="121" count="2" type="stmt"/>
      <line num="122" count="2" type="stmt"/>
      <line num="123" count="160" type="stmt"/>
      <line num="129" count="40" type="cond" truecount="1" falsecount="0"/>
      <line num="130" count="39" type="stmt"/>
      <line num="131" count="39" type="stmt"/>
      <line num="145" count="39" type="cond" truecount="1" falsecount="0"/>
      <line num="146" count="75" type="stmt"/>
      <line num="148" count="75" type="cond" truecount="1" falsecount="0"/>
      <line num="150" count="64" type="stmt"/>
      <line num="151" count="64" type="stmt"/>
      <line num="153" count="64" type="stmt"/>
      <line num="155" count="64" type="cond" truecount="2" falsecount="0"/>
      <line num="156" count="41" type="cond" truecount="4" falsecount="0"/>
      <line num="157" count="64" type="cond" truecount="1" falsecount="0"/>
      <line num="159" count="23" type="cond" truecount="1" falsecount="0"/>
      <line num="160" count="10" type="stmt"/>
      <line num="161" count="10" type="cond" truecount="0" falsecount="1"/>
      <line num="162" count="10" type="stmt"/>
      <line num="163" count="23" type="stmt"/>
      <line num="165" count="64" type="cond" truecount="2" falsecount="0"/>
      <line num="166" count="33" type="cond" truecount="3" falsecount="0"/>
      <line num="167" count="33" type="cond" truecount="1" falsecount="0"/>
      <line num="168" count="31" type="stmt"/>
      <line num="169" count="75" type="cond" truecount="1" falsecount="0"/>
      <line num="171" count="11" type="stmt"/>
      <line num="172" count="11" type="stmt"/>
      <line num="173" count="75" type="cond" truecount="0" falsecount="1"/>
      <line num="174" count="0" type="stmt"/>
      <line num="175" count="0" type="stmt"/>
      <line num="176" count="75" type="stmt"/>
      <line num="190" count="39" type="cond" truecount="1" falsecount="0"/>
      <line num="191" count="60" type="stmt"/>
      <line num="193" count="60" type="stmt"/>
      <line num="194" count="60" type="stmt"/>
      <line num="195" count="60" type="stmt"/>
      <line num="196" count="60" type="cond" truecount="1" falsecount="0"/>
      <line num="197" count="8" type="cond" truecount="1" falsecount="0"/>
      <line num="198" count="60" type="cond" truecount="1" falsecount="0"/>
      <line num="199" count="54" type="stmt"/>
      <line num="200" count="54" type="cond" truecount="2" falsecount="0"/>
      <line num="201" count="54" type="stmt"/>
      <line num="202" count="54" type="cond" truecount="2" falsecount="0"/>
      <line num="203" count="54" type="stmt"/>
      <line num="204" count="54" type="stmt"/>
      <line num="205" count="54" type="cond" truecount="0" falsecount="1"/>
      <line num="206" count="54" type="stmt"/>
      <line num="207" count="60" type="cond" truecount="1" falsecount="0"/>
      <line num="208" count="6" type="stmt"/>
      <line num="209" count="6" type="stmt"/>
      <line num="210" count="6" type="cond" truecount="1" falsecount="0"/>
      <line num="211" count="6" type="stmt"/>
      <line num="212" count="6" type="stmt"/>
      <line num="213" count="6" type="stmt"/>
      <line num="214" count="60" type="cond" truecount="0" falsecount="1"/>
      <line num="215" count="0" type="stmt"/>
      <line num="216" count="0" type="stmt"/>
      <line num="217" count="0" type="stmt"/>
      <line num="218" count="60" type="cond" truecount="1" falsecount="0"/>
      <line num="219" count="8" type="stmt"/>
      <line num="220" count="8" type="stmt"/>
      <line num="221" count="60" type="stmt"/>
      <line num="222" count="39" type="stmt"/>
      <line num="223" count="39" type="stmt"/>
      <line num="224" count="39" type="stmt"/>
      <line num="225" count="39" type="stmt"/>
      <line num="232" count="40" type="cond" truecount="1" falsecount="0"/>
      <line num="233" count="159" type="stmt"/>
      <line num="234" count="159" type="cond" truecount="1" falsecount="0"/>
      <line num="235" count="221" type="stmt"/>
      <line num="236" count="159" type="stmt"/>
      <line num="237" count="159" type="stmt"/>
      <line num="238" count="159" type="stmt"/>
      <line num="248" count="40" type="cond" truecount="1" falsecount="0"/>
      <line num="249" count="481" type="stmt"/>
      <line num="250" count="481" type="cond" truecount="1" falsecount="0"/>
      <line num="251" count="135" type="cond" truecount="2" falsecount="0"/>
      <line num="252" count="135" type="cond" truecount="2" falsecount="0"/>
      <line num="253" count="346" type="stmt"/>
      <line num="254" count="403" type="cond" truecount="1" falsecount="0"/>
      <line num="255" count="29" type="stmt"/>
      <line num="256" count="29" type="cond" truecount="1" falsecount="0"/>
      <line num="257" count="317" type="stmt"/>
      <line num="258" count="403" type="cond" truecount="1" falsecount="0"/>
      <line num="259" count="316" type="stmt"/>
      <line num="260" count="316" type="stmt"/>
      <line num="261" count="316" type="stmt"/>
      <line num="262" count="316" type="stmt"/>
      <line num="263" count="316" type="stmt"/>
      <line num="264" count="316" type="cond" truecount="1" falsecount="0"/>
      <line num="265" count="316" type="cond" truecount="2" falsecount="1"/>
      <line num="266" count="316" type="cond" truecount="1" falsecount="0"/>
      <line num="267" count="1" type="stmt"/>
      <line num="268" count="1" type="stmt"/>
      <line num="269" count="1" type="stmt"/>
      <line num="270" count="481" type="stmt"/>
      <line num="278" count="40" type="cond" truecount="1" falsecount="0"/>
      <line num="279" count="31" type="stmt"/>
      <line num="286" count="31" type="stmt"/>
      <line num="287" count="31" type="cond" truecount="3" falsecount="0"/>
      <line num="288" count="31" type="stmt"/>
      <line num="294" count="40" type="cond" truecount="1" falsecount="0"/>
      <line num="295" count="124" type="cond" truecount="2" falsecount="0"/>
      <line num="296" count="124" type="stmt"/>
      <line num="310" count="40" type="cond" truecount="1" falsecount="0"/>
      <line num="311" count="21" type="stmt"/>
      <line num="312" count="21" type="stmt"/>
      <line num="313" count="21" type="stmt"/>
      <line num="314" count="21" type="cond" truecount="1" falsecount="0"/>
      <line num="315" count="18" type="stmt"/>
      <line num="316" count="18" type="cond" truecount="1" falsecount="0"/>
      <line num="317" count="18" type="cond" truecount="1" falsecount="0"/>
      <line num="318" count="2" type="stmt"/>
      <line num="319" count="2" type="stmt"/>
      <line num="320" count="18" type="stmt"/>
      <line num="321" count="18" type="stmt"/>
      <line num="322" count="21" type="cond" truecount="1" falsecount="0"/>
      <line num="323" count="3" type="stmt"/>
      <line num="324" count="3" type="stmt"/>
      <line num="325" count="3" type="stmt"/>
      <line num="326" count="3" type="cond" truecount="1" falsecount="0"/>
      <line num="327" count="3" type="cond" truecount="1" falsecount="0"/>
      <line num="328" count="3" type="stmt"/>
      <line num="329" count="3" type="cond" truecount="1" falsecount="0"/>
      <line num="330" count="1" type="stmt"/>
      <line num="331" count="1" type="stmt"/>
      <line num="332" count="3" type="stmt"/>
      <line num="333" count="21" type="stmt"/>
      <line num="334" count="21" type="stmt"/>
      <line num="339" count="40" type="cond" truecount="1" falsecount="0"/>
      <line num="340" count="5" type="cond" truecount="1" falsecount="0"/>
      <line num="341" count="4" type="stmt"/>
      <line num="342" count="5" type="cond" truecount="1" falsecount="0"/>
      <line num="343" count="1" type="stmt"/>
      <line num="344" count="1" type="stmt"/>
      <line num="345" count="1" type="stmt"/>
      <line num="346" count="5" type="stmt"/>
      <line num="352" count="40" type="cond" truecount="1" falsecount="0"/>
      <line num="353" count="44" type="stmt"/>
      <line num="354" count="44" type="stmt"/>
      <line num="355" count="40" type="cond" truecount="1" falsecount="0"/>
      <line num="356" count="42" type="stmt"/>
      <line num="357" count="42" type="stmt"/>
      <line num="359" count="40" type="cond" truecount="1" falsecount="0"/>
      <line num="360" count="2" type="cond" truecount="1" falsecount="0"/>
      <line num="361" count="2" type="stmt"/>
      <line num="362" count="2" type="stmt"/>
      <line num="363" count="2" type="stmt"/>
      <line num="369" count="40" type="cond" truecount="1" falsecount="0"/>
      <line num="370" count="5" type="cond" truecount="2" falsecount="0"/>
      <line num="371" count="2" type="cond" truecount="0" falsecount="1"/>
      <line num="372" count="2" type="stmt"/>
      <line num="373" count="2" type="stmt"/>
      <line num="374" count="3" type="stmt"/>
      <line num="375" count="3" type="cond" truecount="1" falsecount="0"/>
      <line num="376" count="10" type="cond" truecount="0" falsecount="1"/>
      <line num="377" count="10" type="stmt"/>
      <line num="378" count="10" type="stmt"/>
      <line num="379" count="3" type="stmt"/>
      <line num="380" count="3" type="stmt"/>
      <line num="381" count="5" type="stmt"/>
      <line num="387" count="40" type="cond" truecount="1" falsecount="0"/>
      <line num="388" count="4" type="cond" truecount="1" falsecount="0"/>
      <line num="389" count="2" type="cond" truecount="0" falsecount="1"/>
      <line num="390" count="2" type="stmt"/>
      <line num="391" count="2" type="stmt"/>
      <line num="392" count="2" type="stmt"/>
      <line num="393" count="2" type="stmt"/>
      <line num="394" count="2" type="cond" truecount="1" falsecount="0"/>
      <line num="395" count="4" type="cond" truecount="0" falsecount="1"/>
      <line num="396" count="4" type="stmt"/>
      <line num="397" count="4" type="stmt"/>
      <line num="398" count="4" type="stmt"/>
      <line num="399" count="2" type="stmt"/>
      <line num="400" count="2" type="stmt"/>
      <line num="401" count="4" type="stmt"/>
      <line num="406" count="40" type="cond" truecount="1" falsecount="0"/>
      <line num="407" count="2" type="stmt"/>
      <line num="408" count="2" type="stmt"/>
      <line num="409" count="2" type="stmt"/>
      <line num="410" count="2" type="stmt"/>
      <line num="411" count="2" type="cond" truecount="1" falsecount="0"/>
      <line num="412" count="2" type="stmt"/>
      <line num="413" count="2" type="stmt"/>
      <line num="414" count="2" type="stmt"/>
      <line num="415" count="2" type="cond" truecount="1" falsecount="0"/>
      <line num="416" count="2" type="stmt"/>
      <line num="417" count="2" type="stmt"/>
      <line num="418" count="2" type="stmt"/>
      <line num="419" count="40" type="cond" truecount="1" falsecount="0"/>
      <line num="420" count="6" type="cond" truecount="2" falsecount="0"/>
      <line num="421" count="6" type="stmt"/>
      <line num="422" count="40" type="cond" truecount="1" falsecount="0"/>
      <line num="423" count="2" type="stmt"/>
      <line num="424" count="2" type="stmt"/>
      <line num="425" count="40" type="cond" truecount="1" falsecount="0"/>
      <line num="426" count="2" type="stmt"/>
      <line num="427" count="2" type="stmt"/>
      <line num="428" count="40" type="stmt"/>
    </file>
  </project>
</coverage>
