<?xml version="1.0" encoding="UTF-8"?>
<coverage generated="1733795420389" clover="3.2.0">
  <project timestamp="1733795420389" name="All files">
    <metrics statements="346" coveredstatements="344" conditionals="156" coveredconditionals="136" methods="35" coveredmethods="33" elements="537" coveredelements="513" complexity="0" loc="346" ncloc="346" packages="1" files="3" classes="3"/>
    <file name="crypto-key.ts" path="/Users/enmotion/works/npm-project/vmo-store/use.lib/crypto-key.ts">
      <metrics statements="19" coveredstatements="19" conditionals="6" coveredconditionals="6" methods="5" coveredmethods="5"/>
      <line num="7" count="201" type="cond" truecount="1" falsecount="0"/>
      <line num="8" count="201" type="stmt"/>
      <line num="9" count="201" type="cond" truecount="1" falsecount="0"/>
      <line num="11" count="4712" type="stmt"/>
      <line num="12" count="4712" type="stmt"/>
      <line num="13" count="201" type="stmt"/>
      <line num="14" count="201" type="stmt"/>
      <line num="16" count="161" type="cond" truecount="1" falsecount="0"/>
      <line num="17" count="161" type="stmt"/>
      <line num="18" count="161" type="stmt"/>
      <line num="20" count="41" type="cond" truecount="1" falsecount="0"/>
      <line num="21" count="41" type="stmt"/>
      <line num="22" count="41" type="stmt"/>
      <line num="29" count="1" type="cond" truecount="1" falsecount="0"/>
      <line num="30" count="161" type="stmt"/>
      <line num="31" count="161" type="stmt"/>
      <line num="38" count="1" type="cond" truecount="1" falsecount="0"/>
      <line num="39" count="41" type="stmt"/>
      <line num="40" count="41" type="stmt"/>
    </file>
    <file name="default-storage.ts" path="/Users/enmotion/works/npm-project/vmo-store/use.lib/default-storage.ts">
      <metrics statements="45" coveredstatements="45" conditionals="22" coveredconditionals="22" methods="5" coveredmethods="5"/>
      <line num="6" count="1" type="stmt"/>
      <line num="7" count="1" type="cond" truecount="1" falsecount="0"/>
      <line num="8" count="162" type="cond" truecount="2" falsecount="0"/>
      <line num="9" count="162" type="stmt"/>
      <line num="10" count="162" type="stmt"/>
      <line num="11" count="1" type="cond" truecount="1" falsecount="0"/>
      <line num="12" count="57" type="cond" truecount="2" falsecount="0"/>
      <line num="13" count="57" type="stmt"/>
      <line num="14" count="57" type="stmt"/>
      <line num="15" count="1" type="cond" truecount="1" falsecount="0"/>
      <line num="16" count="8" type="cond" truecount="2" falsecount="0"/>
      <line num="17" count="8" type="stmt"/>
      <line num="18" count="8" type="stmt"/>
      <line num="19" count="1" type="cond" truecount="1" falsecount="0"/>
      <line num="20" count="43" type="cond" truecount="1" falsecount="0"/>
      <line num="21" count="42" type="cond" truecount="2" falsecount="0"/>
      <line num="22" count="42" type="stmt"/>
      <line num="23" count="43" type="cond" truecount="1" falsecount="0"/>
      <line num="24" count="1" type="stmt"/>
      <line num="25" count="1" type="stmt"/>
      <line num="26" count="1" type="stmt"/>
      <line num="27" count="43" type="stmt"/>
      <line num="28" count="1" type="cond" truecount="1" falsecount="0"/>
      <line num="29" count="25" type="cond" truecount="1" falsecount="0"/>
      <line num="30" count="2" type="cond" truecount="2" falsecount="0"/>
      <line num="31" count="2" type="stmt"/>
      <line num="32" count="2" type="stmt"/>
      <line num="33" count="2" type="cond" truecount="1" falsecount="0"/>
      <line num="34" count="4" type="stmt"/>
      <line num="35" count="4" type="stmt"/>
      <line num="36" count="2" type="stmt"/>
      <line num="37" count="25" type="cond" truecount="1" falsecount="0"/>
      <line num="38" count="23" type="stmt"/>
      <line num="39" count="23" type="stmt"/>
      <line num="40" count="23" type="stmt"/>
      <line num="41" count="23" type="cond" truecount="1" falsecount="0"/>
      <line num="42" count="10" type="stmt"/>
      <line num="43" count="10" type="stmt"/>
      <line num="44" count="23" type="cond" truecount="1" falsecount="0"/>
      <line num="45" count="6" type="stmt"/>
      <line num="46" count="6" type="stmt"/>
      <line num="47" count="23" type="stmt"/>
      <line num="48" count="23" type="stmt"/>
      <line num="49" count="25" type="stmt"/>
      <line num="50" count="1" type="stmt"/>
    </file>
    <file name="vmo-store.ts" path="/Users/enmotion/works/npm-project/vmo-store/use.lib/vmo-store.ts">
      <metrics statements="282" coveredstatements="280" conditionals="128" coveredconditionals="108" methods="25" coveredmethods="23"/>
      <line num="1" count="1" type="stmt"/>
      <line num="12" count="1" type="stmt"/>
      <line num="13" count="1" type="stmt"/>
      <line num="19" count="1" type="cond" truecount="1" falsecount="0"/>
      <line num="20" count="41" type="stmt"/>
      <line num="21" count="41" type="stmt"/>
      <line num="22" count="41" type="stmt"/>
      <line num="23" count="41" type="stmt"/>
      <line num="24" count="41" type="stmt"/>
      <line num="25" count="41" type="stmt"/>
      <line num="26" count="41" type="stmt"/>
      <line num="31" count="41" type="cond" truecount="1" falsecount="0"/>
      <line num="32" count="41" type="stmt"/>
      <line num="33" count="41" type="stmt"/>
      <line num="34" count="41" type="cond" truecount="1" falsecount="1"/>
      <line num="35" count="41" type="cond" truecount="0" falsecount="1"/>
      <line num="36" count="41" type="stmt"/>
      <line num="37" count="41" type="cond" truecount="1" falsecount="1"/>
      <line num="38" count="41" type="cond" truecount="1" falsecount="0"/>
      <line num="39" count="41" type="stmt"/>
      <line num="40" count="41" type="stmt"/>
      <line num="41" count="41" type="cond" truecount="1" falsecount="0"/>
      <line num="42" count="41" type="stmt"/>
      <line num="43" count="41" type="cond" truecount="1" falsecount="0"/>
      <line num="44" count="41" type="stmt"/>
      <line num="45" count="41" type="stmt"/>
      <line num="46" count="41" type="stmt"/>
      <line num="47" count="41" type="cond" truecount="1" falsecount="0"/>
      <line num="48" count="41" type="stmt"/>
      <line num="49" count="41" type="stmt"/>
      <line num="50" count="41" type="cond" truecount="1" falsecount="0"/>
      <line num="51" count="2" type="cond" truecount="0" falsecount="1"/>
      <line num="52" count="2" type="stmt"/>
      <line num="53" count="41" type="stmt"/>
      <line num="59" count="41" type="cond" truecount="1" falsecount="0"/>
      <line num="60" count="40" type="stmt"/>
      <line num="61" count="40" type="cond" truecount="1" falsecount="0"/>
      <line num="62" count="177" type="stmt"/>
      <line num="63" count="40" type="stmt"/>
      <line num="64" count="40" type="stmt"/>
      <line num="65" count="40" type="stmt"/>
      <line num="74" count="41" type="cond" truecount="1" falsecount="0"/>
      <line num="75" count="40" type="stmt"/>
      <line num="76" count="40" type="stmt"/>
      <line num="77" count="40" type="stmt"/>
      <line num="78" count="40" type="stmt"/>
      <line num="79" count="40" type="stmt"/>
      <line num="80" count="40" type="cond" truecount="0" falsecount="1"/>
      <line num="81" count="0" type="stmt"/>
      <line num="82" count="40" type="cond" truecount="1" falsecount="1"/>
      <line num="83" count="40" type="cond" truecount="0" falsecount="1"/>
      <line num="84" count="40" type="stmt"/>
      <line num="85" count="40" type="stmt"/>
      <line num="86" count="40" type="cond" truecount="0" falsecount="1"/>
      <line num="87" count="0" type="cond" truecount="1" falsecount="0"/>
      <line num="88" count="1" type="cond" truecount="0" falsecount="2"/>
      <line num="89" count="40" type="cond" truecount="0" falsecount="1"/>
      <line num="90" count="40" type="stmt"/>
      <line num="91" count="40" type="stmt"/>
      <line num="92" count="40" type="cond" truecount="1" falsecount="0"/>
      <line num="93" count="6" type="cond" truecount="0" falsecount="1"/>
      <line num="94" count="40" type="stmt"/>
      <line num="95" count="40" type="stmt"/>
      <line num="96" count="40" type="cond" truecount="1" falsecount="0"/>
      <line num="98" count="39" type="stmt"/>
      <line num="99" count="39" type="stmt"/>
      <line num="100" count="40" type="stmt"/>
      <line num="101" count="41" type="cond" truecount="1" falsecount="0"/>
      <line num="102" count="162" type="stmt"/>
      <line num="103" count="162" type="stmt"/>
      <line num="104" count="162" type="cond" truecount="2" falsecount="0"/>
      <line num="105" count="162" type="stmt"/>
      <line num="106" count="162" type="stmt"/>
      <line num="107" count="162" type="cond" truecount="1" falsecount="1"/>
      <line num="108" count="162" type="cond" truecount="3" falsecount="0"/>
      <line num="109" count="159" type="stmt"/>
      <line num="110" count="162" type="cond" truecount="1" falsecount="0"/>
      <line num="111" count="2" type="stmt"/>
      <line num="112" count="2" type="stmt"/>
      <line num="113" count="2" type="stmt"/>
      <line num="114" count="2" type="stmt"/>
      <line num="115" count="2" type="stmt"/>
      <line num="116" count="2" type="stmt"/>
      <line num="117" count="2" type="stmt"/>
      <line num="118" count="2" type="stmt"/>
      <line num="119" count="162" type="stmt"/>
      <line num="125" count="41" type="cond" truecount="1" falsecount="0"/>
      <line num="126" count="40" type="stmt"/>
      <line num="127" count="40" type="stmt"/>
      <line num="141" count="40" type="cond" truecount="1" falsecount="0"/>
      <line num="142" count="75" type="stmt"/>
      <line num="144" count="75" type="cond" truecount="1" falsecount="0"/>
      <line num="146" count="64" type="stmt"/>
      <line num="147" count="64" type="stmt"/>
      <line num="149" count="64" type="stmt"/>
      <line num="151" count="64" type="cond" truecount="2" falsecount="0"/>
      <line num="152" count="41" type="cond" truecount="4" falsecount="0"/>
      <line num="153" count="64" type="cond" truecount="1" falsecount="0"/>
      <line num="155" count="23" type="cond" truecount="1" falsecount="0"/>
      <line num="156" count="10" type="stmt"/>
      <line num="157" count="10" type="cond" truecount="0" falsecount="1"/>
      <line num="158" count="10" type="stmt"/>
      <line num="159" count="23" type="stmt"/>
      <line num="161" count="64" type="cond" truecount="2" falsecount="0"/>
      <line num="162" count="33" type="cond" truecount="3" falsecount="0"/>
      <line num="163" count="33" type="cond" truecount="1" falsecount="0"/>
      <line num="164" count="31" type="stmt"/>
      <line num="165" count="75" type="cond" truecount="1" falsecount="0"/>
      <line num="167" count="11" type="stmt"/>
      <line num="168" count="11" type="stmt"/>
      <line num="169" count="75" type="cond" truecount="1" falsecount="0"/>
      <line num="170" count="11" type="stmt"/>
      <line num="171" count="11" type="stmt"/>
      <line num="172" count="11" type="stmt"/>
      <line num="173" count="75" type="stmt"/>
      <line num="187" count="40" type="cond" truecount="1" falsecount="0"/>
      <line num="188" count="62" type="stmt"/>
      <line num="190" count="62" type="cond" truecount="1" falsecount="0"/>
      <line num="191" count="60" type="stmt"/>
      <line num="192" count="60" type="stmt"/>
      <line num="193" count="60" type="cond" truecount="1" falsecount="0"/>
      <line num="194" count="8" type="cond" truecount="1" falsecount="0"/>
      <line num="195" count="60" type="cond" truecount="1" falsecount="0"/>
      <line num="196" count="54" type="stmt"/>
      <line num="197" count="54" type="cond" truecount="2" falsecount="0"/>
      <line num="198" count="54" type="stmt"/>
      <line num="199" count="54" type="cond" truecount="2" falsecount="0"/>
      <line num="200" count="54" type="stmt"/>
      <line num="201" count="54" type="stmt"/>
      <line num="202" count="54" type="cond" truecount="0" falsecount="1"/>
      <line num="203" count="54" type="stmt"/>
      <line num="204" count="60" type="cond" truecount="1" falsecount="0"/>
      <line num="205" count="6" type="stmt"/>
      <line num="206" count="6" type="stmt"/>
      <line num="207" count="6" type="cond" truecount="1" falsecount="0"/>
      <line num="208" count="6" type="stmt"/>
      <line num="209" count="6" type="stmt"/>
      <line num="210" count="6" type="stmt"/>
      <line num="211" count="62" type="cond" truecount="1" falsecount="0"/>
      <line num="212" count="2" type="stmt"/>
      <line num="213" count="2" type="stmt"/>
      <line num="214" count="62" type="cond" truecount="1" falsecount="0"/>
      <line num="215" count="10" type="stmt"/>
      <line num="216" count="10" type="stmt"/>
      <line num="217" count="62" type="stmt"/>
      <line num="218" count="40" type="stmt"/>
      <line num="219" count="40" type="stmt"/>
      <line num="220" count="40" type="stmt"/>
      <line num="221" count="40" type="stmt"/>
      <line num="228" count="41" type="cond" truecount="1" falsecount="0"/>
      <line num="229" count="161" type="stmt"/>
      <line num="230" count="161" type="cond" truecount="1" falsecount="0"/>
      <line num="231" count="224" type="stmt"/>
      <line num="232" count="161" type="stmt"/>
      <line num="233" count="161" type="stmt"/>
      <line num="234" count="161" type="stmt"/>
      <line num="244" count="41" type="cond" truecount="1" falsecount="0"/>
      <line num="245" count="487" type="stmt"/>
      <line num="246" count="487" type="cond" truecount="1" falsecount="0"/>
      <line num="247" count="137" type="cond" truecount="2" falsecount="0"/>
      <line num="248" count="137" type="cond" truecount="2" falsecount="0"/>
      <line num="249" count="350" type="stmt"/>
      <line num="250" count="409" type="cond" truecount="1" falsecount="0"/>
      <line num="251" count="30" type="stmt"/>
      <line num="252" count="30" type="cond" truecount="1" falsecount="0"/>
      <line num="253" count="320" type="stmt"/>
      <line num="254" count="409" type="cond" truecount="1" falsecount="0"/>
      <line num="255" count="319" type="stmt"/>
      <line num="256" count="319" type="stmt"/>
      <line num="257" count="319" type="stmt"/>
      <line num="258" count="319" type="stmt"/>
      <line num="259" count="319" type="stmt"/>
      <line num="260" count="319" type="cond" truecount="1" falsecount="0"/>
      <line num="261" count="319" type="cond" truecount="2" falsecount="1"/>
      <line num="262" count="319" type="cond" truecount="1" falsecount="0"/>
      <line num="263" count="1" type="stmt"/>
      <line num="264" count="1" type="stmt"/>
      <line num="265" count="1" type="stmt"/>
      <line num="266" count="487" type="stmt"/>
      <line num="274" count="41" type="cond" truecount="1" falsecount="0"/>
      <line num="275" count="31" type="stmt"/>
      <line num="282" count="31" type="stmt"/>
      <line num="283" count="31" type="cond" truecount="3" falsecount="0"/>
      <line num="284" count="31" type="stmt"/>
      <line num="290" count="41" type="cond" truecount="1" falsecount="0"/>
      <line num="291" count="124" type="cond" truecount="2" falsecount="0"/>
      <line num="292" count="124" type="stmt"/>
      <line num="306" count="41" type="cond" truecount="1" falsecount="0"/>
      <line num="307" count="22" type="stmt"/>
      <line num="308" count="22" type="stmt"/>
      <line num="309" count="22" type="stmt"/>
      <line num="310" count="22" type="cond" truecount="1" falsecount="0"/>
      <line num="311" count="19" type="stmt"/>
      <line num="312" count="19" type="cond" truecount="1" falsecount="0"/>
      <line num="313" count="19" type="cond" truecount="1" falsecount="0"/>
      <line num="314" count="2" type="stmt"/>
      <line num="315" count="2" type="stmt"/>
      <line num="316" count="19" type="stmt"/>
      <line num="317" count="19" type="stmt"/>
      <line num="318" count="22" type="cond" truecount="1" falsecount="0"/>
      <line num="319" count="3" type="stmt"/>
      <line num="320" count="3" type="stmt"/>
      <line num="321" count="3" type="stmt"/>
      <line num="322" count="3" type="cond" truecount="1" falsecount="0"/>
      <line num="323" count="3" type="cond" truecount="1" falsecount="0"/>
      <line num="324" count="3" type="stmt"/>
      <line num="325" count="3" type="cond" truecount="1" falsecount="0"/>
      <line num="326" count="1" type="stmt"/>
      <line num="327" count="1" type="stmt"/>
      <line num="328" count="3" type="stmt"/>
      <line num="329" count="22" type="stmt"/>
      <line num="330" count="22" type="stmt"/>
      <line num="335" count="41" type="cond" truecount="1" falsecount="0"/>
      <line num="336" count="5" type="cond" truecount="1" falsecount="0"/>
      <line num="337" count="4" type="stmt"/>
      <line num="338" count="5" type="cond" truecount="1" falsecount="0"/>
      <line num="339" count="1" type="stmt"/>
      <line num="340" count="1" type="stmt"/>
      <line num="341" count="1" type="stmt"/>
      <line num="342" count="5" type="stmt"/>
      <line num="348" count="41" type="cond" truecount="1" falsecount="0"/>
      <line num="349" count="44" type="stmt"/>
      <line num="350" count="44" type="stmt"/>
      <line num="351" count="41" type="cond" truecount="1" falsecount="0"/>
      <line num="352" count="42" type="stmt"/>
      <line num="353" count="42" type="stmt"/>
      <line num="355" count="41" type="cond" truecount="1" falsecount="0"/>
      <line num="356" count="2" type="cond" truecount="1" falsecount="0"/>
      <line num="357" count="2" type="stmt"/>
      <line num="358" count="2" type="stmt"/>
      <line num="359" count="2" type="stmt"/>
      <line num="365" count="41" type="cond" truecount="1" falsecount="0"/>
      <line num="366" count="5" type="cond" truecount="2" falsecount="0"/>
      <line num="367" count="2" type="cond" truecount="0" falsecount="1"/>
      <line num="368" count="2" type="stmt"/>
      <line num="369" count="2" type="stmt"/>
      <line num="370" count="3" type="stmt"/>
      <line num="371" count="3" type="cond" truecount="1" falsecount="0"/>
      <line num="372" count="10" type="cond" truecount="0" falsecount="1"/>
      <line num="373" count="10" type="stmt"/>
      <line num="374" count="10" type="stmt"/>
      <line num="375" count="3" type="stmt"/>
      <line num="376" count="3" type="stmt"/>
      <line num="377" count="5" type="stmt"/>
      <line num="383" count="41" type="cond" truecount="1" falsecount="0"/>
      <line num="384" count="4" type="cond" truecount="1" falsecount="0"/>
      <line num="385" count="2" type="cond" truecount="0" falsecount="1"/>
      <line num="386" count="2" type="stmt"/>
      <line num="387" count="2" type="stmt"/>
      <line num="388" count="2" type="stmt"/>
      <line num="389" count="2" type="stmt"/>
      <line num="390" count="2" type="cond" truecount="1" falsecount="0"/>
      <line num="391" count="4" type="cond" truecount="0" falsecount="1"/>
      <line num="392" count="4" type="stmt"/>
      <line num="393" count="4" type="stmt"/>
      <line num="394" count="4" type="stmt"/>
      <line num="395" count="2" type="stmt"/>
      <line num="396" count="2" type="stmt"/>
      <line num="397" count="4" type="stmt"/>
      <line num="402" count="41" type="cond" truecount="1" falsecount="0"/>
      <line num="403" count="2" type="stmt"/>
      <line num="404" count="2" type="stmt"/>
      <line num="405" count="2" type="stmt"/>
      <line num="406" count="2" type="stmt"/>
      <line num="407" count="2" type="cond" truecount="1" falsecount="0"/>
      <line num="408" count="2" type="stmt"/>
      <line num="409" count="2" type="stmt"/>
      <line num="410" count="2" type="stmt"/>
      <line num="411" count="2" type="cond" truecount="1" falsecount="0"/>
      <line num="412" count="2" type="stmt"/>
      <line num="413" count="2" type="stmt"/>
      <line num="414" count="2" type="stmt"/>
      <line num="415" count="41" type="cond" truecount="1" falsecount="0"/>
      <line num="416" count="6" type="cond" truecount="2" falsecount="0"/>
      <line num="417" count="6" type="stmt"/>
      <line num="418" count="41" type="cond" truecount="1" falsecount="0"/>
      <line num="419" count="2" type="stmt"/>
      <line num="420" count="2" type="stmt"/>
      <line num="421" count="41" type="cond" truecount="1" falsecount="0"/>
      <line num="422" count="2" type="stmt"/>
      <line num="423" count="2" type="stmt"/>
      <line num="424" count="41" type="stmt"/>
    </file>
  </project>
</coverage>
