{"/Users/enmotion/works/npm-project/vmo-store/use.lib/crypto-key.ts": {"path":"/Users/enmotion/works/npm-project/vmo-store/use.lib/crypto-key.ts","all":false,"statementMap":{"6":{"start":{"line":7,"column":0},"end":{"line":7,"column":54}},"7":{"start":{"line":8,"column":0},"end":{"line":8,"column":19}},"8":{"start":{"line":9,"column":0},"end":{"line":9,"column":41}},"10":{"start":{"line":11,"column":0},"end":{"line":11,"column":89}},"11":{"start":{"line":12,"column":0},"end":{"line":12,"column":3}},"12":{"start":{"line":13,"column":0},"end":{"line":13,"column":15}},"13":{"start":{"line":14,"column":0},"end":{"line":14,"column":1}},"15":{"start":{"line":16,"column":0},"end":{"line":16,"column":41}},"16":{"start":{"line":17,"column":0},"end":{"line":17,"column":48}},"17":{"start":{"line":18,"column":0},"end":{"line":18,"column":1}},"19":{"start":{"line":20,"column":0},"end":{"line":20,"column":43}},"20":{"start":{"line":21,"column":0},"end":{"line":21,"column":46}},"21":{"start":{"line":22,"column":0},"end":{"line":22,"column":1}},"28":{"start":{"line":29,"column":0},"end":{"line":29,"column":61}},"29":{"start":{"line":30,"column":0},"end":{"line":30,"column":75}},"30":{"start":{"line":31,"column":0},"end":{"line":31,"column":1}},"37":{"start":{"line":38,"column":0},"end":{"line":38,"column":61}},"38":{"start":{"line":39,"column":0},"end":{"line":39,"column":77}},"39":{"start":{"line":40,"column":0},"end":{"line":40,"column":1}}},"s":{"6":127,"7":127,"8":127,"10":3723,"11":3723,"12":127,"13":127,"15":106,"16":106,"17":106,"19":22,"20":22,"21":22,"28":1,"29":106,"30":106,"37":1,"38":22,"39":22},"branchMap":{"0":{"type":"branch","line":7,"loc":{"start":{"line":7,"column":0},"end":{"line":14,"column":1}},"locations":[{"start":{"line":7,"column":0},"end":{"line":14,"column":1}}]},"1":{"type":"branch","line":9,"loc":{"start":{"line":9,"column":40},"end":{"line":12,"column":3}},"locations":[{"start":{"line":9,"column":40},"end":{"line":12,"column":3}}]},"2":{"type":"branch","line":16,"loc":{"start":{"line":16,"column":0},"end":{"line":18,"column":1}},"locations":[{"start":{"line":16,"column":0},"end":{"line":18,"column":1}}]},"3":{"type":"branch","line":20,"loc":{"start":{"line":20,"column":0},"end":{"line":22,"column":1}},"locations":[{"start":{"line":20,"column":0},"end":{"line":22,"column":1}}]},"4":{"type":"branch","line":29,"loc":{"start":{"line":29,"column":7},"end":{"line":31,"column":1}},"locations":[{"start":{"line":29,"column":7},"end":{"line":31,"column":1}}]},"5":{"type":"branch","line":38,"loc":{"start":{"line":38,"column":7},"end":{"line":40,"column":1}},"locations":[{"start":{"line":38,"column":7},"end":{"line":40,"column":1}}]}},"b":{"0":[127],"1":[3723],"2":[106],"3":[22],"4":[106],"5":[22]},"fnMap":{"0":{"name":"_trans","decl":{"start":{"line":7,"column":0},"end":{"line":14,"column":1}},"loc":{"start":{"line":7,"column":0},"end":{"line":14,"column":1}},"line":7},"1":{"name":"_toBase64","decl":{"start":{"line":16,"column":0},"end":{"line":18,"column":1}},"loc":{"start":{"line":16,"column":0},"end":{"line":18,"column":1}},"line":16},"2":{"name":"_fromBase64","decl":{"start":{"line":20,"column":0},"end":{"line":22,"column":1}},"loc":{"start":{"line":20,"column":0},"end":{"line":22,"column":1}},"line":20},"3":{"name":"enCrypto","decl":{"start":{"line":29,"column":7},"end":{"line":31,"column":1}},"loc":{"start":{"line":29,"column":7},"end":{"line":31,"column":1}},"line":29},"4":{"name":"deCrypto","decl":{"start":{"line":38,"column":7},"end":{"line":40,"column":1}},"loc":{"start":{"line":38,"column":7},"end":{"line":40,"column":1}},"line":38}},"f":{"0":127,"1":106,"2":22,"3":106,"4":22}}
,"/Users/enmotion/works/npm-project/vmo-store/use.lib/default-storage.ts": {"path":"/Users/enmotion/works/npm-project/vmo-store/use.lib/default-storage.ts","all":false,"statementMap":{"5":{"start":{"line":6,"column":0},"end":{"line":6,"column":62}},"6":{"start":{"line":7,"column":0},"end":{"line":7,"column":34}},"7":{"start":{"line":8,"column":0},"end":{"line":8,"column":74}},"8":{"start":{"line":9,"column":0},"end":{"line":9,"column":38}},"9":{"start":{"line":10,"column":0},"end":{"line":10,"column":4}},"10":{"start":{"line":11,"column":0},"end":{"line":11,"column":27}},"11":{"start":{"line":12,"column":0},"end":{"line":12,"column":74}},"12":{"start":{"line":13,"column":0},"end":{"line":13,"column":31}},"13":{"start":{"line":14,"column":0},"end":{"line":14,"column":4}},"14":{"start":{"line":15,"column":0},"end":{"line":15,"column":30}},"15":{"start":{"line":16,"column":0},"end":{"line":16,"column":74}},"16":{"start":{"line":17,"column":0},"end":{"line":17,"column":34}},"17":{"start":{"line":18,"column":0},"end":{"line":18,"column":4}},"18":{"start":{"line":19,"column":0},"end":{"line":19,"column":18}},"19":{"start":{"line":20,"column":0},"end":{"line":20,"column":17}},"20":{"start":{"line":21,"column":0},"end":{"line":21,"column":76}},"21":{"start":{"line":22,"column":0},"end":{"line":22,"column":28}},"22":{"start":{"line":23,"column":0},"end":{"line":23,"column":12}},"23":{"start":{"line":24,"column":0},"end":{"line":24,"column":26}},"24":{"start":{"line":25,"column":0},"end":{"line":25,"column":28}},"25":{"start":{"line":26,"column":0},"end":{"line":26,"column":5}},"26":{"start":{"line":27,"column":0},"end":{"line":27,"column":4}},"27":{"start":{"line":28,"column":0},"end":{"line":28,"column":58}},"28":{"start":{"line":29,"column":0},"end":{"line":29,"column":17}},"29":{"start":{"line":30,"column":0},"end":{"line":30,"column":76}},"30":{"start":{"line":31,"column":0},"end":{"line":31,"column":43}},"31":{"start":{"line":32,"column":0},"end":{"line":32,"column":31}},"32":{"start":{"line":33,"column":0},"end":{"line":33,"column":40}},"33":{"start":{"line":34,"column":0},"end":{"line":34,"column":28}},"34":{"start":{"line":35,"column":0},"end":{"line":35,"column":7}},"35":{"start":{"line":36,"column":0},"end":{"line":36,"column":17}},"36":{"start":{"line":37,"column":0},"end":{"line":37,"column":12}},"37":{"start":{"line":38,"column":0},"end":{"line":38,"column":31}},"38":{"start":{"line":39,"column":0},"end":{"line":39,"column":45}},"39":{"start":{"line":40,"column":0},"end":{"line":40,"column":49}},"40":{"start":{"line":41,"column":0},"end":{"line":41,"column":45}},"41":{"start":{"line":42,"column":0},"end":{"line":42,"column":48}},"42":{"start":{"line":43,"column":0},"end":{"line":43,"column":7}},"43":{"start":{"line":44,"column":0},"end":{"line":44,"column":47}},"44":{"start":{"line":45,"column":0},"end":{"line":45,"column":50}},"45":{"start":{"line":46,"column":0},"end":{"line":46,"column":7}},"46":{"start":{"line":47,"column":0},"end":{"line":47,"column":38}},"47":{"start":{"line":48,"column":0},"end":{"line":48,"column":5}},"48":{"start":{"line":49,"column":0},"end":{"line":49,"column":3}},"49":{"start":{"line":50,"column":0},"end":{"line":50,"column":1}}},"s":{"5":1,"6":1,"7":105,"8":105,"9":105,"10":1,"11":34,"12":34,"13":34,"14":1,"15":0,"16":0,"17":0,"18":1,"19":36,"20":36,"21":36,"22":36,"23":0,"24":0,"25":0,"26":36,"27":1,"28":2,"29":0,"30":0,"31":0,"32":0,"33":0,"34":0,"35":0,"36":2,"37":2,"38":2,"39":2,"40":2,"41":0,"42":0,"43":2,"44":0,"45":0,"46":2,"47":2,"48":2,"49":1},"branchMap":{"0":{"type":"branch","line":7,"loc":{"start":{"line":7,"column":11},"end":{"line":10,"column":4}},"locations":[{"start":{"line":7,"column":11},"end":{"line":10,"column":4}}]},"1":{"type":"branch","line":8,"loc":{"start":{"line":8,"column":28},"end":{"line":8,"column":60}},"locations":[{"start":{"line":8,"column":28},"end":{"line":8,"column":60}}]},"2":{"type":"branch","line":8,"loc":{"start":{"line":8,"column":45},"end":{"line":8,"column":74}},"locations":[{"start":{"line":8,"column":45},"end":{"line":8,"column":74}}]},"3":{"type":"branch","line":11,"loc":{"start":{"line":11,"column":11},"end":{"line":14,"column":4}},"locations":[{"start":{"line":11,"column":11},"end":{"line":14,"column":4}}]},"4":{"type":"branch","line":12,"loc":{"start":{"line":12,"column":28},"end":{"line":12,"column":60}},"locations":[{"start":{"line":12,"column":28},"end":{"line":12,"column":60}}]},"5":{"type":"branch","line":12,"loc":{"start":{"line":12,"column":45},"end":{"line":12,"column":74}},"locations":[{"start":{"line":12,"column":45},"end":{"line":12,"column":74}}]},"6":{"type":"branch","line":19,"loc":{"start":{"line":19,"column":9},"end":{"line":27,"column":4}},"locations":[{"start":{"line":19,"column":9},"end":{"line":27,"column":4}}]},"7":{"type":"branch","line":21,"loc":{"start":{"line":21,"column":30},"end":{"line":21,"column":62}},"locations":[{"start":{"line":21,"column":30},"end":{"line":21,"column":62}}]},"8":{"type":"branch","line":21,"loc":{"start":{"line":21,"column":47},"end":{"line":21,"column":76}},"locations":[{"start":{"line":21,"column":47},"end":{"line":21,"column":76}}]},"9":{"type":"branch","line":23,"loc":{"start":{"line":23,"column":4},"end":{"line":26,"column":5}},"locations":[{"start":{"line":23,"column":4},"end":{"line":26,"column":5}}]},"10":{"type":"branch","line":28,"loc":{"start":{"line":28,"column":11},"end":{"line":49,"column":3}},"locations":[{"start":{"line":28,"column":11},"end":{"line":49,"column":3}}]},"11":{"type":"branch","line":29,"loc":{"start":{"line":29,"column":16},"end":{"line":37,"column":11}},"locations":[{"start":{"line":29,"column":16},"end":{"line":37,"column":11}}]},"12":{"type":"branch","line":41,"loc":{"start":{"line":41,"column":44},"end":{"line":43,"column":7}},"locations":[{"start":{"line":41,"column":44},"end":{"line":43,"column":7}}]},"13":{"type":"branch","line":44,"loc":{"start":{"line":44,"column":46},"end":{"line":46,"column":7}},"locations":[{"start":{"line":44,"column":46},"end":{"line":46,"column":7}}]}},"b":{"0":[105],"1":[72],"2":[33],"3":[34],"4":[31],"5":[3],"6":[36],"7":[18],"8":[18],"9":[0],"10":[2],"11":[0],"12":[0],"13":[0]},"fnMap":{"0":{"name":"setItem","decl":{"start":{"line":7,"column":11},"end":{"line":10,"column":4}},"loc":{"start":{"line":7,"column":11},"end":{"line":10,"column":4}},"line":7},"1":{"name":"getItem","decl":{"start":{"line":11,"column":11},"end":{"line":14,"column":4}},"loc":{"start":{"line":11,"column":11},"end":{"line":14,"column":4}},"line":11},"2":{"name":"removeItem","decl":{"start":{"line":15,"column":14},"end":{"line":18,"column":4}},"loc":{"start":{"line":15,"column":14},"end":{"line":18,"column":4}},"line":15},"3":{"name":"clear","decl":{"start":{"line":19,"column":9},"end":{"line":27,"column":4}},"loc":{"start":{"line":19,"column":9},"end":{"line":27,"column":4}},"line":19},"4":{"name":"getKeys","decl":{"start":{"line":28,"column":11},"end":{"line":49,"column":3}},"loc":{"start":{"line":28,"column":11},"end":{"line":49,"column":3}},"line":28}},"f":{"0":105,"1":34,"2":0,"3":36,"4":2}}
,"/Users/enmotion/works/npm-project/vmo-store/use.lib/vmo-store.ts": {"path":"/Users/enmotion/works/npm-project/vmo-store/use.lib/vmo-store.ts","all":false,"statementMap":{"0":{"start":{"line":1,"column":0},"end":{"line":1,"column":2}},"11":{"start":{"line":12,"column":0},"end":{"line":12,"column":44}},"12":{"start":{"line":13,"column":0},"end":{"line":13,"column":50}},"18":{"start":{"line":19,"column":0},"end":{"line":19,"column":23}},"19":{"start":{"line":20,"column":0},"end":{"line":20,"column":54}},"20":{"start":{"line":21,"column":0},"end":{"line":21,"column":61}},"21":{"start":{"line":22,"column":0},"end":{"line":22,"column":41}},"22":{"start":{"line":23,"column":0},"end":{"line":23,"column":69}},"23":{"start":{"line":24,"column":0},"end":{"line":24,"column":66}},"24":{"start":{"line":25,"column":0},"end":{"line":25,"column":35}},"25":{"start":{"line":26,"column":0},"end":{"line":26,"column":36}},"30":{"start":{"line":31,"column":0},"end":{"line":31,"column":36}},"31":{"start":{"line":32,"column":0},"end":{"line":32,"column":9}},"32":{"start":{"line":33,"column":0},"end":{"line":33,"column":59}},"33":{"start":{"line":34,"column":0},"end":{"line":34,"column":91}},"34":{"start":{"line":35,"column":0},"end":{"line":35,"column":47}},"35":{"start":{"line":36,"column":0},"end":{"line":36,"column":43}},"36":{"start":{"line":37,"column":0},"end":{"line":37,"column":81}},"37":{"start":{"line":38,"column":0},"end":{"line":38,"column":65}},"38":{"start":{"line":39,"column":0},"end":{"line":39,"column":45}},"39":{"start":{"line":40,"column":0},"end":{"line":40,"column":61}},"40":{"start":{"line":41,"column":0},"end":{"line":41,"column":44}},"41":{"start":{"line":42,"column":0},"end":{"line":42,"column":52}},"42":{"start":{"line":43,"column":0},"end":{"line":43,"column":44}},"43":{"start":{"line":44,"column":0},"end":{"line":44,"column":31}},"44":{"start":{"line":45,"column":0},"end":{"line":45,"column":46}},"45":{"start":{"line":46,"column":0},"end":{"line":46,"column":8}},"46":{"start":{"line":47,"column":0},"end":{"line":47,"column":87}},"47":{"start":{"line":48,"column":0},"end":{"line":48,"column":36}},"48":{"start":{"line":49,"column":0},"end":{"line":49,"column":38}},"49":{"start":{"line":50,"column":0},"end":{"line":50,"column":19}},"50":{"start":{"line":51,"column":0},"end":{"line":51,"column":21}},"51":{"start":{"line":52,"column":0},"end":{"line":52,"column":36}},"52":{"start":{"line":53,"column":0},"end":{"line":53,"column":38}},"53":{"start":{"line":54,"column":0},"end":{"line":54,"column":22}},"54":{"start":{"line":55,"column":0},"end":{"line":55,"column":111}},"55":{"start":{"line":56,"column":0},"end":{"line":56,"column":7}},"56":{"start":{"line":57,"column":0},"end":{"line":57,"column":5}},"57":{"start":{"line":58,"column":0},"end":{"line":58,"column":3}},"63":{"start":{"line":64,"column":0},"end":{"line":64,"column":53}},"64":{"start":{"line":65,"column":0},"end":{"line":65,"column":37}},"65":{"start":{"line":66,"column":0},"end":{"line":66,"column":36}},"66":{"start":{"line":67,"column":0},"end":{"line":67,"column":35}},"67":{"start":{"line":68,"column":0},"end":{"line":68,"column":6}},"68":{"start":{"line":69,"column":0},"end":{"line":69,"column":24}},"69":{"start":{"line":70,"column":0},"end":{"line":70,"column":3}},"78":{"start":{"line":79,"column":0},"end":{"line":79,"column":23}},"79":{"start":{"line":80,"column":0},"end":{"line":80,"column":18}},"80":{"start":{"line":81,"column":0},"end":{"line":81,"column":9}},"81":{"start":{"line":82,"column":0},"end":{"line":82,"column":97}},"82":{"start":{"line":83,"column":0},"end":{"line":83,"column":21}},"83":{"start":{"line":84,"column":0},"end":{"line":84,"column":21}},"84":{"start":{"line":85,"column":0},"end":{"line":85,"column":25}},"85":{"start":{"line":86,"column":0},"end":{"line":86,"column":72}},"86":{"start":{"line":87,"column":0},"end":{"line":87,"column":102}},"87":{"start":{"line":88,"column":0},"end":{"line":88,"column":46}},"88":{"start":{"line":89,"column":0},"end":{"line":89,"column":23}},"89":{"start":{"line":90,"column":0},"end":{"line":90,"column":21}},"90":{"start":{"line":91,"column":0},"end":{"line":91,"column":25}},"91":{"start":{"line":92,"column":0},"end":{"line":92,"column":74}},"92":{"start":{"line":93,"column":0},"end":{"line":93,"column":104}},"93":{"start":{"line":94,"column":0},"end":{"line":94,"column":45}},"94":{"start":{"line":95,"column":0},"end":{"line":95,"column":7}},"95":{"start":{"line":96,"column":0},"end":{"line":96,"column":77}},"96":{"start":{"line":97,"column":0},"end":{"line":97,"column":44}},"97":{"start":{"line":98,"column":0},"end":{"line":98,"column":72}},"98":{"start":{"line":99,"column":0},"end":{"line":99,"column":8}},"99":{"start":{"line":100,"column":0},"end":{"line":100,"column":19}},"100":{"start":{"line":101,"column":0},"end":{"line":101,"column":19}},"102":{"start":{"line":103,"column":0},"end":{"line":103,"column":15}},"103":{"start":{"line":104,"column":0},"end":{"line":104,"column":5}},"104":{"start":{"line":105,"column":0},"end":{"line":105,"column":3}},"105":{"start":{"line":106,"column":0},"end":{"line":106,"column":62}},"106":{"start":{"line":107,"column":0},"end":{"line":107,"column":18}},"107":{"start":{"line":108,"column":0},"end":{"line":108,"column":46}},"108":{"start":{"line":109,"column":0},"end":{"line":109,"column":107}},"109":{"start":{"line":110,"column":0},"end":{"line":110,"column":5}},"110":{"start":{"line":111,"column":0},"end":{"line":111,"column":40}},"111":{"start":{"line":112,"column":0},"end":{"line":112,"column":108}},"112":{"start":{"line":113,"column":0},"end":{"line":113,"column":95}},"113":{"start":{"line":114,"column":0},"end":{"line":114,"column":69}},"114":{"start":{"line":115,"column":0},"end":{"line":115,"column":12}},"115":{"start":{"line":116,"column":0},"end":{"line":116,"column":22}},"116":{"start":{"line":117,"column":0},"end":{"line":117,"column":80}},"117":{"start":{"line":118,"column":0},"end":{"line":118,"column":29}},"118":{"start":{"line":119,"column":0},"end":{"line":119,"column":113}},"119":{"start":{"line":120,"column":0},"end":{"line":120,"column":69}},"120":{"start":{"line":121,"column":0},"end":{"line":121,"column":17}},"121":{"start":{"line":122,"column":0},"end":{"line":122,"column":7}},"122":{"start":{"line":123,"column":0},"end":{"line":123,"column":5}},"123":{"start":{"line":124,"column":0},"end":{"line":124,"column":3}},"129":{"start":{"line":130,"column":0},"end":{"line":130,"column":53}},"130":{"start":{"line":131,"column":0},"end":{"line":131,"column":26}},"131":{"start":{"line":132,"column":0},"end":{"line":132,"column":61}},"145":{"start":{"line":146,"column":0},"end":{"line":146,"column":54}},"146":{"start":{"line":147,"column":0},"end":{"line":147,"column":13}},"148":{"start":{"line":149,"column":0},"end":{"line":149,"column":53}},"150":{"start":{"line":151,"column":0},"end":{"line":151,"column":60}},"151":{"start":{"line":152,"column":0},"end":{"line":152,"column":38}},"153":{"start":{"line":154,"column":0},"end":{"line":154,"column":58}},"155":{"start":{"line":156,"column":0},"end":{"line":156,"column":113}},"156":{"start":{"line":157,"column":0},"end":{"line":157,"column":101}},"157":{"start":{"line":158,"column":0},"end":{"line":158,"column":20}},"159":{"start":{"line":160,"column":0},"end":{"line":160,"column":27}},"160":{"start":{"line":161,"column":0},"end":{"line":161,"column":53}},"161":{"start":{"line":162,"column":0},"end":{"line":162,"column":68}},"162":{"start":{"line":163,"column":0},"end":{"line":163,"column":15}},"163":{"start":{"line":164,"column":0},"end":{"line":164,"column":13}},"165":{"start":{"line":166,"column":0},"end":{"line":166,"column":56}},"166":{"start":{"line":167,"column":0},"end":{"line":167,"column":95}},"167":{"start":{"line":168,"column":0},"end":{"line":168,"column":21}},"168":{"start":{"line":169,"column":0},"end":{"line":169,"column":59}},"169":{"start":{"line":170,"column":0},"end":{"line":170,"column":18}},"171":{"start":{"line":172,"column":0},"end":{"line":172,"column":28}},"172":{"start":{"line":173,"column":0},"end":{"line":173,"column":11}},"173":{"start":{"line":174,"column":0},"end":{"line":174,"column":23}},"174":{"start":{"line":175,"column":0},"end":{"line":175,"column":28}},"175":{"start":{"line":176,"column":0},"end":{"line":176,"column":9}},"176":{"start":{"line":177,"column":0},"end":{"line":177,"column":8}},"190":{"start":{"line":191,"column":0},"end":{"line":191,"column":61}},"191":{"start":{"line":192,"column":0},"end":{"line":192,"column":13}},"193":{"start":{"line":194,"column":0},"end":{"line":194,"column":53}},"194":{"start":{"line":195,"column":0},"end":{"line":195,"column":58}},"195":{"start":{"line":196,"column":0},"end":{"line":196,"column":16}},"196":{"start":{"line":197,"column":0},"end":{"line":197,"column":51}},"197":{"start":{"line":198,"column":0},"end":{"line":198,"column":95}},"198":{"start":{"line":199,"column":0},"end":{"line":199,"column":15}},"199":{"start":{"line":200,"column":0},"end":{"line":200,"column":28}},"200":{"start":{"line":201,"column":0},"end":{"line":201,"column":97}},"201":{"start":{"line":202,"column":0},"end":{"line":202,"column":30}},"202":{"start":{"line":203,"column":0},"end":{"line":203,"column":88}},"203":{"start":{"line":204,"column":0},"end":{"line":204,"column":23}},"204":{"start":{"line":205,"column":0},"end":{"line":205,"column":68}},"205":{"start":{"line":206,"column":0},"end":{"line":206,"column":66}},"206":{"start":{"line":207,"column":0},"end":{"line":207,"column":25}},"207":{"start":{"line":208,"column":0},"end":{"line":208,"column":20}},"208":{"start":{"line":209,"column":0},"end":{"line":209,"column":30}},"209":{"start":{"line":210,"column":0},"end":{"line":210,"column":77}},"210":{"start":{"line":211,"column":0},"end":{"line":211,"column":59}},"211":{"start":{"line":212,"column":0},"end":{"line":212,"column":82}},"212":{"start":{"line":213,"column":0},"end":{"line":213,"column":15}},"213":{"start":{"line":214,"column":0},"end":{"line":214,"column":13}},"214":{"start":{"line":215,"column":0},"end":{"line":215,"column":18}},"215":{"start":{"line":216,"column":0},"end":{"line":216,"column":40}},"216":{"start":{"line":217,"column":0},"end":{"line":217,"column":11}},"217":{"start":{"line":218,"column":0},"end":{"line":218,"column":23}},"218":{"start":{"line":219,"column":0},"end":{"line":219,"column":28}},"219":{"start":{"line":220,"column":0},"end":{"line":220,"column":9}},"220":{"start":{"line":221,"column":0},"end":{"line":221,"column":7}},"221":{"start":{"line":222,"column":0},"end":{"line":222,"column":5}},"222":{"start":{"line":223,"column":0},"end":{"line":223,"column":49}},"223":{"start":{"line":224,"column":0},"end":{"line":224,"column":16}},"224":{"start":{"line":225,"column":0},"end":{"line":225,"column":3}},"231":{"start":{"line":232,"column":0},"end":{"line":232,"column":60}},"232":{"start":{"line":233,"column":0},"end":{"line":233,"column":42}},"233":{"start":{"line":234,"column":0},"end":{"line":234,"column":23}},"234":{"start":{"line":235,"column":0},"end":{"line":235,"column":25}},"235":{"start":{"line":236,"column":0},"end":{"line":236,"column":6}},"236":{"start":{"line":237,"column":0},"end":{"line":237,"column":17}},"237":{"start":{"line":238,"column":0},"end":{"line":238,"column":3}},"247":{"start":{"line":248,"column":0},"end":{"line":248,"column":87}},"248":{"start":{"line":249,"column":0},"end":{"line":249,"column":18}},"249":{"start":{"line":250,"column":0},"end":{"line":250,"column":37}},"250":{"start":{"line":251,"column":0},"end":{"line":251,"column":46}},"251":{"start":{"line":252,"column":0},"end":{"line":252,"column":5}},"252":{"start":{"line":253,"column":0},"end":{"line":253,"column":65}},"253":{"start":{"line":254,"column":0},"end":{"line":254,"column":37}},"254":{"start":{"line":255,"column":0},"end":{"line":255,"column":37}},"255":{"start":{"line":256,"column":0},"end":{"line":256,"column":5}},"256":{"start":{"line":257,"column":0},"end":{"line":257,"column":48}},"257":{"start":{"line":258,"column":0},"end":{"line":258,"column":38}},"258":{"start":{"line":259,"column":0},"end":{"line":259,"column":20}},"259":{"start":{"line":260,"column":0},"end":{"line":260,"column":16}},"260":{"start":{"line":261,"column":0},"end":{"line":261,"column":21}},"261":{"start":{"line":262,"column":0},"end":{"line":262,"column":26}},"262":{"start":{"line":263,"column":0},"end":{"line":263,"column":30}},"263":{"start":{"line":264,"column":0},"end":{"line":264,"column":80}},"264":{"start":{"line":265,"column":0},"end":{"line":265,"column":72}},"265":{"start":{"line":266,"column":0},"end":{"line":266,"column":5}},"266":{"start":{"line":267,"column":0},"end":{"line":267,"column":20}},"267":{"start":{"line":268,"column":0},"end":{"line":268,"column":178}},"268":{"start":{"line":269,"column":0},"end":{"line":269,"column":5}},"269":{"start":{"line":270,"column":0},"end":{"line":270,"column":3}},"277":{"start":{"line":278,"column":0},"end":{"line":278,"column":27}},"278":{"start":{"line":279,"column":0},"end":{"line":279,"column":11}},"285":{"start":{"line":286,"column":0},"end":{"line":286,"column":5}},"286":{"start":{"line":287,"column":0},"end":{"line":287,"column":74}},"287":{"start":{"line":288,"column":0},"end":{"line":288,"column":3}},"293":{"start":{"line":294,"column":0},"end":{"line":294,"column":52}},"294":{"start":{"line":295,"column":0},"end":{"line":295,"column":52}},"295":{"start":{"line":296,"column":0},"end":{"line":296,"column":3}},"309":{"start":{"line":310,"column":0},"end":{"line":310,"column":49}},"310":{"start":{"line":311,"column":0},"end":{"line":311,"column":18}},"311":{"start":{"line":312,"column":0},"end":{"line":312,"column":41}},"312":{"start":{"line":313,"column":0},"end":{"line":313,"column":19}},"313":{"start":{"line":314,"column":0},"end":{"line":314,"column":17}},"314":{"start":{"line":315,"column":0},"end":{"line":315,"column":16}},"315":{"start":{"line":316,"column":0},"end":{"line":316,"column":45}},"316":{"start":{"line":317,"column":0},"end":{"line":317,"column":27}},"317":{"start":{"line":318,"column":0},"end":{"line":318,"column":54}},"318":{"start":{"line":319,"column":0},"end":{"line":319,"column":56}},"319":{"start":{"line":320,"column":0},"end":{"line":320,"column":12}},"320":{"start":{"line":321,"column":0},"end":{"line":321,"column":13}},"321":{"start":{"line":322,"column":0},"end":{"line":322,"column":18}},"322":{"start":{"line":323,"column":0},"end":{"line":323,"column":79}},"323":{"start":{"line":324,"column":0},"end":{"line":324,"column":55}},"324":{"start":{"line":325,"column":0},"end":{"line":325,"column":16}},"325":{"start":{"line":326,"column":0},"end":{"line":326,"column":26}},"326":{"start":{"line":327,"column":0},"end":{"line":327,"column":58}},"327":{"start":{"line":328,"column":0},"end":{"line":328,"column":12}},"328":{"start":{"line":329,"column":0},"end":{"line":329,"column":23}},"329":{"start":{"line":330,"column":0},"end":{"line":330,"column":54}},"330":{"start":{"line":331,"column":0},"end":{"line":331,"column":56}},"331":{"start":{"line":332,"column":0},"end":{"line":332,"column":12}},"332":{"start":{"line":333,"column":0},"end":{"line":333,"column":5}},"333":{"start":{"line":334,"column":0},"end":{"line":334,"column":3}},"338":{"start":{"line":339,"column":0},"end":{"line":339,"column":58}},"339":{"start":{"line":340,"column":0},"end":{"line":340,"column":17}},"340":{"start":{"line":341,"column":0},"end":{"line":341,"column":31}},"341":{"start":{"line":342,"column":0},"end":{"line":342,"column":12}},"342":{"start":{"line":343,"column":0},"end":{"line":343,"column":41}},"343":{"start":{"line":344,"column":0},"end":{"line":344,"column":43}},"344":{"start":{"line":345,"column":0},"end":{"line":345,"column":5}},"345":{"start":{"line":346,"column":0},"end":{"line":346,"column":3}},"351":{"start":{"line":352,"column":0},"end":{"line":352,"column":32}},"352":{"start":{"line":353,"column":0},"end":{"line":353,"column":28}},"353":{"start":{"line":354,"column":0},"end":{"line":354,"column":3}},"354":{"start":{"line":355,"column":0},"end":{"line":355,"column":44}},"355":{"start":{"line":356,"column":0},"end":{"line":356,"column":38}},"356":{"start":{"line":357,"column":0},"end":{"line":357,"column":3}},"358":{"start":{"line":359,"column":0},"end":{"line":359,"column":39}},"359":{"start":{"line":360,"column":0},"end":{"line":360,"column":37}},"360":{"start":{"line":361,"column":0},"end":{"line":361,"column":35}},"361":{"start":{"line":362,"column":0},"end":{"line":362,"column":6}},"362":{"start":{"line":363,"column":0},"end":{"line":363,"column":3}},"368":{"start":{"line":369,"column":0},"end":{"line":369,"column":45}},"369":{"start":{"line":370,"column":0},"end":{"line":370,"column":37}},"370":{"start":{"line":371,"column":0},"end":{"line":371,"column":61}},"371":{"start":{"line":372,"column":0},"end":{"line":372,"column":29}},"372":{"start":{"line":373,"column":0},"end":{"line":373,"column":26}},"373":{"start":{"line":374,"column":0},"end":{"line":374,"column":12}},"374":{"start":{"line":375,"column":0},"end":{"line":375,"column":42}},"375":{"start":{"line":376,"column":0},"end":{"line":376,"column":62}},"376":{"start":{"line":377,"column":0},"end":{"line":377,"column":30}},"377":{"start":{"line":378,"column":0},"end":{"line":378,"column":28}},"378":{"start":{"line":379,"column":0},"end":{"line":379,"column":8}},"379":{"start":{"line":380,"column":0},"end":{"line":380,"column":5}},"380":{"start":{"line":381,"column":0},"end":{"line":381,"column":3}},"386":{"start":{"line":387,"column":0},"end":{"line":387,"column":46}},"387":{"start":{"line":388,"column":0},"end":{"line":388,"column":37}},"388":{"start":{"line":389,"column":0},"end":{"line":389,"column":61}},"389":{"start":{"line":390,"column":0},"end":{"line":390,"column":29}},"390":{"start":{"line":391,"column":0},"end":{"line":391,"column":30}},"391":{"start":{"line":392,"column":0},"end":{"line":392,"column":26}},"392":{"start":{"line":393,"column":0},"end":{"line":393,"column":12}},"393":{"start":{"line":394,"column":0},"end":{"line":394,"column":42}},"394":{"start":{"line":395,"column":0},"end":{"line":395,"column":62}},"395":{"start":{"line":396,"column":0},"end":{"line":396,"column":30}},"396":{"start":{"line":397,"column":0},"end":{"line":397,"column":31}},"397":{"start":{"line":398,"column":0},"end":{"line":398,"column":28}},"398":{"start":{"line":399,"column":0},"end":{"line":399,"column":8}},"399":{"start":{"line":400,"column":0},"end":{"line":400,"column":5}},"400":{"start":{"line":401,"column":0},"end":{"line":401,"column":3}},"405":{"start":{"line":406,"column":0},"end":{"line":406,"column":24}},"406":{"start":{"line":407,"column":0},"end":{"line":407,"column":18}},"407":{"start":{"line":408,"column":0},"end":{"line":408,"column":12}},"408":{"start":{"line":409,"column":0},"end":{"line":409,"column":21}},"409":{"start":{"line":410,"column":0},"end":{"line":410,"column":90}},"410":{"start":{"line":411,"column":0},"end":{"line":411,"column":50}},"411":{"start":{"line":412,"column":0},"end":{"line":412,"column":8}},"412":{"start":{"line":413,"column":0},"end":{"line":413,"column":23}},"413":{"start":{"line":414,"column":0},"end":{"line":414,"column":92}},"414":{"start":{"line":415,"column":0},"end":{"line":415,"column":52}},"415":{"start":{"line":416,"column":0},"end":{"line":416,"column":7}},"416":{"start":{"line":417,"column":0},"end":{"line":417,"column":5}},"417":{"start":{"line":418,"column":0},"end":{"line":418,"column":3}},"418":{"start":{"line":419,"column":0},"end":{"line":419,"column":33}},"419":{"start":{"line":420,"column":0},"end":{"line":420,"column":47}},"420":{"start":{"line":421,"column":0},"end":{"line":421,"column":3}},"421":{"start":{"line":422,"column":0},"end":{"line":422,"column":25}},"422":{"start":{"line":423,"column":0},"end":{"line":423,"column":26}},"423":{"start":{"line":424,"column":0},"end":{"line":424,"column":3}},"424":{"start":{"line":425,"column":0},"end":{"line":425,"column":25}},"425":{"start":{"line":426,"column":0},"end":{"line":426,"column":26}},"426":{"start":{"line":427,"column":0},"end":{"line":427,"column":3}},"427":{"start":{"line":428,"column":0},"end":{"line":428,"column":1}}},"s":{"0":1,"11":1,"12":1,"18":1,"19":22,"20":22,"21":22,"22":22,"23":22,"24":22,"25":22,"30":22,"31":22,"32":22,"33":22,"34":22,"35":22,"36":22,"37":22,"38":22,"39":22,"40":22,"41":22,"42":22,"43":22,"44":22,"45":22,"46":22,"47":22,"48":22,"49":22,"50":0,"51":0,"52":0,"53":0,"54":0,"55":0,"56":0,"57":22,"63":22,"64":22,"65":22,"66":70,"67":22,"68":22,"69":22,"78":22,"79":22,"80":22,"81":22,"82":22,"83":22,"84":22,"85":0,"86":22,"87":22,"88":22,"89":22,"90":22,"91":0,"92":0,"93":22,"94":22,"95":22,"96":22,"97":0,"98":22,"99":22,"100":22,"102":22,"103":22,"104":22,"105":22,"106":106,"107":106,"108":106,"109":106,"110":106,"111":106,"112":106,"113":104,"114":106,"115":2,"116":2,"117":2,"118":2,"119":2,"120":2,"121":2,"122":2,"123":106,"129":22,"130":22,"131":22,"145":22,"146":52,"148":52,"150":46,"151":46,"153":46,"155":46,"156":30,"157":40,"159":16,"160":9,"161":9,"162":9,"163":16,"165":46,"166":22,"167":24,"168":22,"169":52,"171":6,"172":6,"173":52,"174":0,"175":0,"176":52,"190":22,"191":42,"193":42,"194":42,"195":42,"196":42,"197":1,"198":42,"199":41,"200":41,"201":41,"202":41,"203":41,"204":41,"205":41,"206":41,"207":42,"208":1,"209":1,"210":1,"211":1,"212":1,"213":1,"214":42,"215":0,"216":0,"217":42,"218":3,"219":3,"220":42,"221":22,"222":22,"223":22,"224":22,"231":22,"232":106,"233":106,"234":80,"235":106,"236":106,"237":106,"247":22,"248":307,"249":307,"250":78,"251":78,"252":229,"253":229,"254":0,"255":0,"256":229,"257":229,"258":229,"259":229,"260":229,"261":229,"262":229,"263":229,"264":229,"265":229,"266":0,"267":0,"268":0,"269":307,"277":22,"278":22,"285":22,"286":22,"287":22,"293":22,"294":88,"295":88,"309":22,"310":2,"311":2,"312":2,"313":2,"314":0,"315":0,"316":0,"317":0,"318":0,"319":0,"320":0,"321":2,"322":2,"323":2,"324":2,"325":2,"326":0,"327":2,"328":2,"329":0,"330":0,"331":2,"332":2,"333":2,"338":22,"339":2,"340":2,"341":2,"342":0,"343":0,"344":0,"345":2,"351":22,"352":44,"353":44,"354":22,"355":42,"356":42,"358":22,"359":2,"360":2,"361":2,"362":2,"368":22,"369":3,"370":1,"371":1,"372":1,"373":2,"374":2,"375":8,"376":8,"377":8,"378":2,"379":2,"380":3,"386":22,"387":2,"388":1,"389":1,"390":1,"391":1,"392":1,"393":1,"394":2,"395":2,"396":2,"397":2,"398":1,"399":1,"400":2,"405":22,"406":1,"407":1,"408":1,"409":1,"410":1,"411":1,"412":1,"413":1,"414":1,"415":1,"416":1,"417":1,"418":22,"419":4,"420":4,"421":22,"422":1,"423":1,"424":22,"425":1,"426":1,"427":22},"branchMap":{"0":{"type":"branch","line":19,"loc":{"start":{"line":19,"column":7},"end":{"line":428,"column":1}},"locations":[{"start":{"line":19,"column":7},"end":{"line":428,"column":1}}]},"1":{"type":"branch","line":31,"loc":{"start":{"line":31,"column":2},"end":{"line":58,"column":3}},"locations":[{"start":{"line":31,"column":2},"end":{"line":58,"column":3}}]},"2":{"type":"branch","line":34,"loc":{"start":{"line":34,"column":34},"end":{"line":34,"column":55}},"locations":[{"start":{"line":34,"column":34},"end":{"line":34,"column":55}}]},"3":{"type":"branch","line":34,"loc":{"start":{"line":34,"column":66},"end":{"line":34,"column":87}},"locations":[{"start":{"line":34,"column":66},"end":{"line":34,"column":87}}]},"4":{"type":"branch","line":35,"loc":{"start":{"line":35,"column":41},"end":{"line":35,"column":47}},"locations":[{"start":{"line":35,"column":41},"end":{"line":35,"column":47}}]},"5":{"type":"branch","line":37,"loc":{"start":{"line":37,"column":47},"end":{"line":37,"column":60}},"locations":[{"start":{"line":37,"column":47},"end":{"line":37,"column":60}}]},"6":{"type":"branch","line":38,"loc":{"start":{"line":38,"column":29},"end":{"line":38,"column":65}},"locations":[{"start":{"line":38,"column":29},"end":{"line":38,"column":65}}]},"7":{"type":"branch","line":41,"loc":{"start":{"line":41,"column":30},"end":{"line":41,"column":44}},"locations":[{"start":{"line":41,"column":30},"end":{"line":41,"column":44}}]},"8":{"type":"branch","line":43,"loc":{"start":{"line":43,"column":22},"end":{"line":43,"column":44}},"locations":[{"start":{"line":43,"column":22},"end":{"line":43,"column":44}}]},"9":{"type":"branch","line":47,"loc":{"start":{"line":47,"column":13},"end":{"line":47,"column":87}},"locations":[{"start":{"line":47,"column":13},"end":{"line":47,"column":87}}]},"10":{"type":"branch","line":50,"loc":{"start":{"line":50,"column":4},"end":{"line":57,"column":5}},"locations":[{"start":{"line":50,"column":4},"end":{"line":57,"column":5}}]},"11":{"type":"branch","line":64,"loc":{"start":{"line":64,"column":10},"end":{"line":70,"column":3}},"locations":[{"start":{"line":64,"column":10},"end":{"line":70,"column":3}}]},"12":{"type":"branch","line":66,"loc":{"start":{"line":66,"column":30},"end":{"line":68,"column":5}},"locations":[{"start":{"line":66,"column":30},"end":{"line":68,"column":5}}]},"13":{"type":"branch","line":79,"loc":{"start":{"line":79,"column":10},"end":{"line":105,"column":3}},"locations":[{"start":{"line":79,"column":10},"end":{"line":105,"column":3}}]},"14":{"type":"branch","line":85,"loc":{"start":{"line":85,"column":15},"end":{"line":86,"column":72}},"locations":[{"start":{"line":85,"column":15},"end":{"line":86,"column":72}}]},"15":{"type":"branch","line":87,"loc":{"start":{"line":87,"column":72},"end":{"line":87,"column":81}},"locations":[{"start":{"line":87,"column":72},"end":{"line":87,"column":81}}]},"16":{"type":"branch","line":87,"loc":{"start":{"line":87,"column":93},"end":{"line":87,"column":102}},"locations":[{"start":{"line":87,"column":93},"end":{"line":87,"column":102}}]},"17":{"type":"branch","line":88,"loc":{"start":{"line":88,"column":10},"end":{"line":88,"column":46}},"locations":[{"start":{"line":88,"column":10},"end":{"line":88,"column":46}}]},"18":{"type":"branch","line":91,"loc":{"start":{"line":91,"column":15},"end":{"line":92,"column":74}},"locations":[{"start":{"line":91,"column":15},"end":{"line":92,"column":74}}]},"19":{"type":"branch","line":92,"loc":{"start":{"line":92,"column":70},"end":{"line":93,"column":104}},"locations":[{"start":{"line":92,"column":70},"end":{"line":93,"column":104}}]},"20":{"type":"branch","line":94,"loc":{"start":{"line":94,"column":10},"end":{"line":94,"column":45}},"locations":[{"start":{"line":94,"column":10},"end":{"line":94,"column":45}}]},"21":{"type":"branch","line":106,"loc":{"start":{"line":106,"column":10},"end":{"line":124,"column":3}},"locations":[{"start":{"line":106,"column":10},"end":{"line":124,"column":3}}]},"22":{"type":"branch","line":112,"loc":{"start":{"line":112,"column":26},"end":{"line":112,"column":63}},"locations":[{"start":{"line":112,"column":26},"end":{"line":112,"column":63}}]},"23":{"type":"branch","line":113,"loc":{"start":{"line":113,"column":27},"end":{"line":113,"column":94}},"locations":[{"start":{"line":113,"column":27},"end":{"line":113,"column":94}}]},"24":{"type":"branch","line":113,"loc":{"start":{"line":113,"column":94},"end":{"line":115,"column":11}},"locations":[{"start":{"line":113,"column":94},"end":{"line":115,"column":11}}]},"25":{"type":"branch","line":115,"loc":{"start":{"line":115,"column":4},"end":{"line":123,"column":5}},"locations":[{"start":{"line":115,"column":4},"end":{"line":123,"column":5}}]},"26":{"type":"branch","line":109,"loc":{"start":{"line":109,"column":6},"end":{"line":109,"column":107}},"locations":[{"start":{"line":109,"column":6},"end":{"line":109,"column":107}}]},"27":{"type":"branch","line":109,"loc":{"start":{"line":109,"column":37},"end":{"line":109,"column":107}},"locations":[{"start":{"line":109,"column":37},"end":{"line":109,"column":107}}]},"28":{"type":"branch","line":130,"loc":{"start":{"line":130,"column":10},"end":{"line":225,"column":3}},"locations":[{"start":{"line":130,"column":10},"end":{"line":225,"column":3}}]},"29":{"type":"branch","line":146,"loc":{"start":{"line":146,"column":11},"end":{"line":177,"column":8}},"locations":[{"start":{"line":146,"column":11},"end":{"line":177,"column":8}}]},"30":{"type":"branch","line":149,"loc":{"start":{"line":149,"column":52},"end":{"line":170,"column":17}},"locations":[{"start":{"line":149,"column":52},"end":{"line":170,"column":17}}]},"31":{"type":"branch","line":156,"loc":{"start":{"line":156,"column":33},"end":{"line":156,"column":112}},"locations":[{"start":{"line":156,"column":33},"end":{"line":156,"column":112}}]},"32":{"type":"branch","line":156,"loc":{"start":{"line":156,"column":112},"end":{"line":164,"column":13}},"locations":[{"start":{"line":156,"column":112},"end":{"line":164,"column":13}}]},"33":{"type":"branch","line":156,"loc":{"start":{"line":156,"column":112},"end":{"line":158,"column":19}},"locations":[{"start":{"line":156,"column":112},"end":{"line":158,"column":19}}]},"34":{"type":"branch","line":157,"loc":{"start":{"line":157,"column":22},"end":{"line":157,"column":32}},"locations":[{"start":{"line":157,"column":22},"end":{"line":157,"column":32}}]},"35":{"type":"branch","line":157,"loc":{"start":{"line":157,"column":28},"end":{"line":157,"column":60}},"locations":[{"start":{"line":157,"column":28},"end":{"line":157,"column":60}}]},"36":{"type":"branch","line":157,"loc":{"start":{"line":157,"column":56},"end":{"line":157,"column":101}},"locations":[{"start":{"line":157,"column":56},"end":{"line":157,"column":101}}]},"37":{"type":"branch","line":157,"loc":{"start":{"line":157,"column":60},"end":{"line":157,"column":101}},"locations":[{"start":{"line":157,"column":60},"end":{"line":157,"column":101}}]},"38":{"type":"branch","line":158,"loc":{"start":{"line":158,"column":12},"end":{"line":164,"column":13}},"locations":[{"start":{"line":158,"column":12},"end":{"line":164,"column":13}}]},"39":{"type":"branch","line":160,"loc":{"start":{"line":160,"column":26},"end":{"line":163,"column":15}},"locations":[{"start":{"line":160,"column":26},"end":{"line":163,"column":15}}]},"40":{"type":"branch","line":162,"loc":{"start":{"line":162,"column":43},"end":{"line":162,"column":67}},"locations":[{"start":{"line":162,"column":43},"end":{"line":162,"column":67}}]},"41":{"type":"branch","line":166,"loc":{"start":{"line":166,"column":34},"end":{"line":166,"column":52}},"locations":[{"start":{"line":166,"column":34},"end":{"line":166,"column":52}}]},"42":{"type":"branch","line":166,"loc":{"start":{"line":166,"column":52},"end":{"line":167,"column":95}},"locations":[{"start":{"line":166,"column":52},"end":{"line":167,"column":95}}]},"43":{"type":"branch","line":167,"loc":{"start":{"line":167,"column":38},"end":{"line":167,"column":95}},"locations":[{"start":{"line":167,"column":38},"end":{"line":167,"column":95}}]},"44":{"type":"branch","line":167,"loc":{"start":{"line":167,"column":75},"end":{"line":167,"column":93}},"locations":[{"start":{"line":167,"column":75},"end":{"line":167,"column":93}}]},"45":{"type":"branch","line":167,"loc":{"start":{"line":167,"column":93},"end":{"line":168,"column":21}},"locations":[{"start":{"line":167,"column":93},"end":{"line":168,"column":21}}]},"46":{"type":"branch","line":168,"loc":{"start":{"line":168,"column":16},"end":{"line":169,"column":59}},"locations":[{"start":{"line":168,"column":16},"end":{"line":169,"column":59}}]},"47":{"type":"branch","line":170,"loc":{"start":{"line":170,"column":10},"end":{"line":173,"column":11}},"locations":[{"start":{"line":170,"column":10},"end":{"line":173,"column":11}}]},"48":{"type":"branch","line":174,"loc":{"start":{"line":174,"column":8},"end":{"line":176,"column":9}},"locations":[{"start":{"line":174,"column":8},"end":{"line":176,"column":9}}]},"49":{"type":"branch","line":191,"loc":{"start":{"line":191,"column":11},"end":{"line":221,"column":7}},"locations":[{"start":{"line":191,"column":11},"end":{"line":221,"column":7}}]},"50":{"type":"branch","line":197,"loc":{"start":{"line":197,"column":47},"end":{"line":198,"column":95}},"locations":[{"start":{"line":197,"column":47},"end":{"line":198,"column":95}}]},"51":{"type":"branch","line":198,"loc":{"start":{"line":198,"column":38},"end":{"line":198,"column":95}},"locations":[{"start":{"line":198,"column":38},"end":{"line":198,"column":95}}]},"52":{"type":"branch","line":199,"loc":{"start":{"line":199,"column":14},"end":{"line":208,"column":19}},"locations":[{"start":{"line":199,"column":14},"end":{"line":208,"column":19}}]},"53":{"type":"branch","line":201,"loc":{"start":{"line":201,"column":68},"end":{"line":201,"column":91}},"locations":[{"start":{"line":201,"column":68},"end":{"line":201,"column":91}}]},"54":{"type":"branch","line":201,"loc":{"start":{"line":201,"column":87},"end":{"line":201,"column":97}},"locations":[{"start":{"line":201,"column":87},"end":{"line":201,"column":97}}]},"55":{"type":"branch","line":203,"loc":{"start":{"line":203,"column":68},"end":{"line":203,"column":79}},"locations":[{"start":{"line":203,"column":68},"end":{"line":203,"column":79}}]},"56":{"type":"branch","line":203,"loc":{"start":{"line":203,"column":72},"end":{"line":203,"column":88}},"locations":[{"start":{"line":203,"column":72},"end":{"line":203,"column":88}}]},"57":{"type":"branch","line":206,"loc":{"start":{"line":206,"column":41},"end":{"line":206,"column":65}},"locations":[{"start":{"line":206,"column":41},"end":{"line":206,"column":65}}]},"58":{"type":"branch","line":208,"loc":{"start":{"line":208,"column":12},"end":{"line":214,"column":13}},"locations":[{"start":{"line":208,"column":12},"end":{"line":214,"column":13}}]},"59":{"type":"branch","line":215,"loc":{"start":{"line":215,"column":10},"end":{"line":217,"column":11}},"locations":[{"start":{"line":215,"column":10},"end":{"line":217,"column":11}}]},"60":{"type":"branch","line":218,"loc":{"start":{"line":218,"column":8},"end":{"line":220,"column":9}},"locations":[{"start":{"line":218,"column":8},"end":{"line":220,"column":9}}]},"61":{"type":"branch","line":211,"loc":{"start":{"line":211,"column":18},"end":{"line":211,"column":59}},"locations":[{"start":{"line":211,"column":18},"end":{"line":211,"column":59}}]},"62":{"type":"branch","line":232,"loc":{"start":{"line":232,"column":10},"end":{"line":238,"column":3}},"locations":[{"start":{"line":232,"column":10},"end":{"line":238,"column":3}}]},"63":{"type":"branch","line":234,"loc":{"start":{"line":234,"column":17},"end":{"line":236,"column":5}},"locations":[{"start":{"line":234,"column":17},"end":{"line":236,"column":5}}]},"64":{"type":"branch","line":248,"loc":{"start":{"line":248,"column":10},"end":{"line":270,"column":3}},"locations":[{"start":{"line":248,"column":10},"end":{"line":270,"column":3}}]},"65":{"type":"branch","line":250,"loc":{"start":{"line":250,"column":36},"end":{"line":252,"column":5}},"locations":[{"start":{"line":250,"column":36},"end":{"line":252,"column":5}}]},"66":{"type":"branch","line":251,"loc":{"start":{"line":251,"column":25},"end":{"line":251,"column":32}},"locations":[{"start":{"line":251,"column":25},"end":{"line":251,"column":32}}]},"67":{"type":"branch","line":252,"loc":{"start":{"line":252,"column":4},"end":{"line":269,"column":5}},"locations":[{"start":{"line":252,"column":4},"end":{"line":269,"column":5}}]},"68":{"type":"branch","line":254,"loc":{"start":{"line":254,"column":36},"end":{"line":256,"column":5}},"locations":[{"start":{"line":254,"column":36},"end":{"line":256,"column":5}}]},"69":{"type":"branch","line":265,"loc":{"start":{"line":265,"column":25},"end":{"line":265,"column":32}},"locations":[{"start":{"line":265,"column":25},"end":{"line":265,"column":32}}]},"70":{"type":"branch","line":265,"loc":{"start":{"line":265,"column":62},"end":{"line":265,"column":72}},"locations":[{"start":{"line":265,"column":62},"end":{"line":265,"column":72}}]},"71":{"type":"branch","line":266,"loc":{"start":{"line":266,"column":4},"end":{"line":269,"column":5}},"locations":[{"start":{"line":266,"column":4},"end":{"line":269,"column":5}}]},"72":{"type":"branch","line":264,"loc":{"start":{"line":264,"column":36},"end":{"line":264,"column":75}},"locations":[{"start":{"line":264,"column":36},"end":{"line":264,"column":75}}]},"73":{"type":"branch","line":278,"loc":{"start":{"line":278,"column":10},"end":{"line":288,"column":3}},"locations":[{"start":{"line":278,"column":10},"end":{"line":288,"column":3}}]},"74":{"type":"branch","line":287,"loc":{"start":{"line":287,"column":33},"end":{"line":287,"column":69}},"locations":[{"start":{"line":287,"column":33},"end":{"line":287,"column":69}}]},"75":{"type":"branch","line":287,"loc":{"start":{"line":287,"column":65},"end":{"line":287,"column":74}},"locations":[{"start":{"line":287,"column":65},"end":{"line":287,"column":74}}]},"76":{"type":"branch","line":294,"loc":{"start":{"line":294,"column":10},"end":{"line":296,"column":3}},"locations":[{"start":{"line":294,"column":10},"end":{"line":296,"column":3}}]},"77":{"type":"branch","line":295,"loc":{"start":{"line":295,"column":31},"end":{"line":295,"column":46}},"locations":[{"start":{"line":295,"column":31},"end":{"line":295,"column":46}}]},"78":{"type":"branch","line":295,"loc":{"start":{"line":295,"column":39},"end":{"line":295,"column":52}},"locations":[{"start":{"line":295,"column":39},"end":{"line":295,"column":52}}]},"79":{"type":"branch","line":310,"loc":{"start":{"line":310,"column":9},"end":{"line":334,"column":3}},"locations":[{"start":{"line":310,"column":9},"end":{"line":334,"column":3}}]},"80":{"type":"branch","line":314,"loc":{"start":{"line":314,"column":6},"end":{"line":321,"column":13}},"locations":[{"start":{"line":314,"column":6},"end":{"line":321,"column":13}}]},"81":{"type":"branch","line":339,"loc":{"start":{"line":339,"column":9},"end":{"line":346,"column":3}},"locations":[{"start":{"line":339,"column":9},"end":{"line":346,"column":3}}]},"82":{"type":"branch","line":342,"loc":{"start":{"line":342,"column":4},"end":{"line":345,"column":5}},"locations":[{"start":{"line":342,"column":4},"end":{"line":345,"column":5}}]},"83":{"type":"branch","line":352,"loc":{"start":{"line":352,"column":9},"end":{"line":354,"column":3}},"locations":[{"start":{"line":352,"column":9},"end":{"line":354,"column":3}}]},"84":{"type":"branch","line":355,"loc":{"start":{"line":355,"column":9},"end":{"line":357,"column":3}},"locations":[{"start":{"line":355,"column":9},"end":{"line":357,"column":3}}]},"85":{"type":"branch","line":359,"loc":{"start":{"line":359,"column":9},"end":{"line":363,"column":3}},"locations":[{"start":{"line":359,"column":9},"end":{"line":363,"column":3}}]},"86":{"type":"branch","line":360,"loc":{"start":{"line":360,"column":31},"end":{"line":362,"column":5}},"locations":[{"start":{"line":360,"column":31},"end":{"line":362,"column":5}}]},"87":{"type":"branch","line":369,"loc":{"start":{"line":369,"column":9},"end":{"line":381,"column":3}},"locations":[{"start":{"line":369,"column":9},"end":{"line":381,"column":3}}]},"88":{"type":"branch","line":370,"loc":{"start":{"line":370,"column":36},"end":{"line":380,"column":5}},"locations":[{"start":{"line":370,"column":36},"end":{"line":380,"column":5}}]},"89":{"type":"branch","line":370,"loc":{"start":{"line":370,"column":36},"end":{"line":374,"column":11}},"locations":[{"start":{"line":370,"column":36},"end":{"line":374,"column":11}}]},"90":{"type":"branch","line":371,"loc":{"start":{"line":371,"column":37},"end":{"line":371,"column":61}},"locations":[{"start":{"line":371,"column":37},"end":{"line":371,"column":61}}]},"91":{"type":"branch","line":375,"loc":{"start":{"line":375,"column":34},"end":{"line":379,"column":7}},"locations":[{"start":{"line":375,"column":34},"end":{"line":379,"column":7}}]},"92":{"type":"branch","line":376,"loc":{"start":{"line":376,"column":38},"end":{"line":376,"column":62}},"locations":[{"start":{"line":376,"column":38},"end":{"line":376,"column":62}}]},"93":{"type":"branch","line":387,"loc":{"start":{"line":387,"column":9},"end":{"line":401,"column":3}},"locations":[{"start":{"line":387,"column":9},"end":{"line":401,"column":3}}]},"94":{"type":"branch","line":388,"loc":{"start":{"line":388,"column":36},"end":{"line":400,"column":5}},"locations":[{"start":{"line":388,"column":36},"end":{"line":400,"column":5}}]},"95":{"type":"branch","line":389,"loc":{"start":{"line":389,"column":37},"end":{"line":389,"column":61}},"locations":[{"start":{"line":389,"column":37},"end":{"line":389,"column":61}}]},"96":{"type":"branch","line":394,"loc":{"start":{"line":394,"column":34},"end":{"line":399,"column":7}},"locations":[{"start":{"line":394,"column":34},"end":{"line":399,"column":7}}]},"97":{"type":"branch","line":395,"loc":{"start":{"line":395,"column":38},"end":{"line":395,"column":62}},"locations":[{"start":{"line":395,"column":38},"end":{"line":395,"column":62}}]},"98":{"type":"branch","line":406,"loc":{"start":{"line":406,"column":9},"end":{"line":418,"column":3}},"locations":[{"start":{"line":406,"column":9},"end":{"line":418,"column":3}}]},"99":{"type":"branch","line":411,"loc":{"start":{"line":411,"column":28},"end":{"line":411,"column":50}},"locations":[{"start":{"line":411,"column":28},"end":{"line":411,"column":50}}]},"100":{"type":"branch","line":415,"loc":{"start":{"line":415,"column":28},"end":{"line":415,"column":52}},"locations":[{"start":{"line":415,"column":28},"end":{"line":415,"column":52}}]},"101":{"type":"branch","line":419,"loc":{"start":{"line":419,"column":9},"end":{"line":421,"column":3}},"locations":[{"start":{"line":419,"column":9},"end":{"line":421,"column":3}}]},"102":{"type":"branch","line":420,"loc":{"start":{"line":420,"column":32},"end":{"line":420,"column":47}},"locations":[{"start":{"line":420,"column":32},"end":{"line":420,"column":47}}]},"103":{"type":"branch","line":422,"loc":{"start":{"line":422,"column":9},"end":{"line":424,"column":3}},"locations":[{"start":{"line":422,"column":9},"end":{"line":424,"column":3}}]},"104":{"type":"branch","line":425,"loc":{"start":{"line":425,"column":9},"end":{"line":427,"column":3}},"locations":[{"start":{"line":425,"column":9},"end":{"line":427,"column":3}}]}},"b":{"0":[22],"1":[22],"2":[20],"3":[0],"4":[0],"5":[0],"6":[2],"7":[2],"8":[2],"9":[2],"10":[0],"11":[22],"12":[70],"13":[22],"14":[0],"15":[21],"16":[0],"17":[0],"18":[0],"19":[0],"20":[0],"21":[106],"22":[0],"23":[78],"24":[104],"25":[2],"26":[388],"27":[273],"28":[22],"29":[52],"30":[46],"31":[34],"32":[40],"33":[30],"34":[24],"35":[6],"36":[24],"37":[18],"38":[16],"39":[9],"40":[0],"41":[24],"42":[22],"43":[5],"44":[0],"45":[24],"46":[22],"47":[6],"48":[0],"49":[42],"50":[1],"51":[0],"52":[41],"53":[9],"54":[32],"55":[9],"56":[32],"57":[0],"58":[1],"59":[0],"60":[3],"61":[1],"62":[106],"63":[80],"64":[307],"65":[78],"66":[36],"67":[229],"68":[0],"69":[72],"70":[0],"71":[0],"72":[916],"73":[22],"74":[9],"75":[13],"76":[88],"77":[4],"78":[84],"79":[2],"80":[0],"81":[2],"82":[0],"83":[44],"84":[42],"85":[2],"86":[2],"87":[3],"88":[2],"89":[1],"90":[0],"91":[8],"92":[0],"93":[2],"94":[1],"95":[0],"96":[2],"97":[0],"98":[1],"99":[0],"100":[0],"101":[4],"102":[0],"103":[1],"104":[1]},"fnMap":{"0":{"name":"NormlFunc","decl":{"start":{"line":12,"column":18},"end":{"line":12,"column":33}},"loc":{"start":{"line":12,"column":18},"end":{"line":12,"column":33}},"line":12},"1":{"name":"AsyncFunc","decl":{"start":{"line":13,"column":18},"end":{"line":13,"column":39}},"loc":{"start":{"line":13,"column":18},"end":{"line":13,"column":39}},"line":13},"2":{"name":"<instance_members_initializer>","decl":{"start":{"line":19,"column":7},"end":{"line":428,"column":1}},"loc":{"start":{"line":19,"column":7},"end":{"line":428,"column":1}},"line":19},"3":{"name":"VmoStore","decl":{"start":{"line":31,"column":2},"end":{"line":58,"column":3}},"loc":{"start":{"line":31,"column":2},"end":{"line":58,"column":3}},"line":31},"4":{"name":"_shallowClone","decl":{"start":{"line":64,"column":10},"end":{"line":70,"column":3}},"loc":{"start":{"line":64,"column":10},"end":{"line":70,"column":3}},"line":64},"5":{"name":"_getCache","decl":{"start":{"line":79,"column":10},"end":{"line":105,"column":3}},"loc":{"start":{"line":79,"column":10},"end":{"line":105,"column":3}},"line":79},"6":{"name":"_setCache","decl":{"start":{"line":106,"column":10},"end":{"line":124,"column":3}},"loc":{"start":{"line":106,"column":10},"end":{"line":124,"column":3}},"line":106},"7":{"name":"_createProxy","decl":{"start":{"line":130,"column":10},"end":{"line":225,"column":3}},"loc":{"start":{"line":130,"column":10},"end":{"line":225,"column":3}},"line":130},"8":{"name":"get","decl":{"start":{"line":146,"column":11},"end":{"line":177,"column":8}},"loc":{"start":{"line":146,"column":11},"end":{"line":177,"column":8}},"line":146},"9":{"name":"set","decl":{"start":{"line":191,"column":11},"end":{"line":221,"column":7}},"loc":{"start":{"line":191,"column":11},"end":{"line":221,"column":7}},"line":191},"10":{"name":"_pick","decl":{"start":{"line":232,"column":10},"end":{"line":238,"column":3}},"loc":{"start":{"line":232,"column":10},"end":{"line":238,"column":3}},"line":232},"11":{"name":"_getExpiredTime","decl":{"start":{"line":248,"column":10},"end":{"line":270,"column":3}},"loc":{"start":{"line":248,"column":10},"end":{"line":270,"column":3}},"line":248},"12":{"name":"_getDefaultValue","decl":{"start":{"line":278,"column":10},"end":{"line":288,"column":3}},"loc":{"start":{"line":278,"column":10},"end":{"line":288,"column":3}},"line":278},"13":{"name":"_getTypes","decl":{"start":{"line":294,"column":10},"end":{"line":296,"column":3}},"loc":{"start":{"line":294,"column":10},"end":{"line":296,"column":3}},"line":294},"14":{"name":"clearUnusedCache","decl":{"start":{"line":310,"column":9},"end":{"line":334,"column":3}},"loc":{"start":{"line":310,"column":9},"end":{"line":334,"column":3}},"line":310},"15":{"name":"clear","decl":{"start":{"line":339,"column":9},"end":{"line":346,"column":3}},"loc":{"start":{"line":339,"column":9},"end":{"line":346,"column":3}},"line":339},"16":{"name":"getData","decl":{"start":{"line":352,"column":9},"end":{"line":354,"column":3}},"loc":{"start":{"line":352,"column":9},"end":{"line":354,"column":3}},"line":352},"17":{"name":"setData","decl":{"start":{"line":355,"column":9},"end":{"line":357,"column":3}},"loc":{"start":{"line":355,"column":9},"end":{"line":357,"column":3}},"line":355},"18":{"name":"updateProp","decl":{"start":{"line":359,"column":9},"end":{"line":363,"column":3}},"loc":{"start":{"line":359,"column":9},"end":{"line":363,"column":3}},"line":359},"19":{"name":"clearData","decl":{"start":{"line":369,"column":9},"end":{"line":381,"column":3}},"loc":{"start":{"line":369,"column":9},"end":{"line":381,"column":3}},"line":369},"20":{"name":"removeProp","decl":{"start":{"line":387,"column":9},"end":{"line":401,"column":3}},"loc":{"start":{"line":387,"column":9},"end":{"line":401,"column":3}},"line":387},"21":{"name":"getCapacity","decl":{"start":{"line":406,"column":9},"end":{"line":418,"column":3}},"loc":{"start":{"line":406,"column":9},"end":{"line":418,"column":3}},"line":406},"22":{"name":"getProps","decl":{"start":{"line":419,"column":9},"end":{"line":421,"column":3}},"loc":{"start":{"line":419,"column":9},"end":{"line":421,"column":3}},"line":419},"23":{"name":"getCryptoKey","decl":{"start":{"line":422,"column":9},"end":{"line":424,"column":3}},"loc":{"start":{"line":422,"column":9},"end":{"line":424,"column":3}},"line":422},"24":{"name":"getNameSpace","decl":{"start":{"line":425,"column":9},"end":{"line":427,"column":3}},"loc":{"start":{"line":425,"column":9},"end":{"line":427,"column":3}},"line":425}},"f":{"0":0,"1":0,"2":22,"3":22,"4":22,"5":22,"6":106,"7":22,"8":52,"9":42,"10":106,"11":307,"12":22,"13":88,"14":2,"15":2,"16":44,"17":42,"18":2,"19":3,"20":2,"21":1,"22":4,"23":1,"24":1}}
}
