{"/Users/enmotion/works/npm-project/vmo-store/use.lib/crypto-key.ts": {"path":"/Users/enmotion/works/npm-project/vmo-store/use.lib/crypto-key.ts","all":false,"statementMap":{"6":{"start":{"line":7,"column":0},"end":{"line":7,"column":54}},"7":{"start":{"line":8,"column":0},"end":{"line":8,"column":19}},"8":{"start":{"line":9,"column":0},"end":{"line":9,"column":41}},"10":{"start":{"line":11,"column":0},"end":{"line":11,"column":89}},"11":{"start":{"line":12,"column":0},"end":{"line":12,"column":3}},"12":{"start":{"line":13,"column":0},"end":{"line":13,"column":15}},"13":{"start":{"line":14,"column":0},"end":{"line":14,"column":1}},"15":{"start":{"line":16,"column":0},"end":{"line":16,"column":41}},"16":{"start":{"line":17,"column":0},"end":{"line":17,"column":48}},"17":{"start":{"line":18,"column":0},"end":{"line":18,"column":1}},"19":{"start":{"line":20,"column":0},"end":{"line":20,"column":43}},"20":{"start":{"line":21,"column":0},"end":{"line":21,"column":46}},"21":{"start":{"line":22,"column":0},"end":{"line":22,"column":1}},"28":{"start":{"line":29,"column":0},"end":{"line":29,"column":61}},"29":{"start":{"line":30,"column":0},"end":{"line":30,"column":75}},"30":{"start":{"line":31,"column":0},"end":{"line":31,"column":1}},"37":{"start":{"line":38,"column":0},"end":{"line":38,"column":61}},"38":{"start":{"line":39,"column":0},"end":{"line":39,"column":77}},"39":{"start":{"line":40,"column":0},"end":{"line":40,"column":1}}},"s":{"6":201,"7":201,"8":201,"10":4712,"11":4712,"12":201,"13":201,"15":161,"16":161,"17":161,"19":41,"20":41,"21":41,"28":1,"29":161,"30":161,"37":1,"38":41,"39":41},"branchMap":{"0":{"type":"branch","line":7,"loc":{"start":{"line":7,"column":0},"end":{"line":14,"column":1}},"locations":[{"start":{"line":7,"column":0},"end":{"line":14,"column":1}}]},"1":{"type":"branch","line":9,"loc":{"start":{"line":9,"column":40},"end":{"line":12,"column":3}},"locations":[{"start":{"line":9,"column":40},"end":{"line":12,"column":3}}]},"2":{"type":"branch","line":16,"loc":{"start":{"line":16,"column":0},"end":{"line":18,"column":1}},"locations":[{"start":{"line":16,"column":0},"end":{"line":18,"column":1}}]},"3":{"type":"branch","line":20,"loc":{"start":{"line":20,"column":0},"end":{"line":22,"column":1}},"locations":[{"start":{"line":20,"column":0},"end":{"line":22,"column":1}}]},"4":{"type":"branch","line":29,"loc":{"start":{"line":29,"column":7},"end":{"line":31,"column":1}},"locations":[{"start":{"line":29,"column":7},"end":{"line":31,"column":1}}]},"5":{"type":"branch","line":38,"loc":{"start":{"line":38,"column":7},"end":{"line":40,"column":1}},"locations":[{"start":{"line":38,"column":7},"end":{"line":40,"column":1}}]}},"b":{"0":[201],"1":[4712],"2":[161],"3":[41],"4":[161],"5":[41]},"fnMap":{"0":{"name":"_trans","decl":{"start":{"line":7,"column":0},"end":{"line":14,"column":1}},"loc":{"start":{"line":7,"column":0},"end":{"line":14,"column":1}},"line":7},"1":{"name":"_toBase64","decl":{"start":{"line":16,"column":0},"end":{"line":18,"column":1}},"loc":{"start":{"line":16,"column":0},"end":{"line":18,"column":1}},"line":16},"2":{"name":"_fromBase64","decl":{"start":{"line":20,"column":0},"end":{"line":22,"column":1}},"loc":{"start":{"line":20,"column":0},"end":{"line":22,"column":1}},"line":20},"3":{"name":"enCrypto","decl":{"start":{"line":29,"column":7},"end":{"line":31,"column":1}},"loc":{"start":{"line":29,"column":7},"end":{"line":31,"column":1}},"line":29},"4":{"name":"deCrypto","decl":{"start":{"line":38,"column":7},"end":{"line":40,"column":1}},"loc":{"start":{"line":38,"column":7},"end":{"line":40,"column":1}},"line":38}},"f":{"0":201,"1":161,"2":41,"3":161,"4":41}}
,"/Users/enmotion/works/npm-project/vmo-store/use.lib/default-storage.ts": {"path":"/Users/enmotion/works/npm-project/vmo-store/use.lib/default-storage.ts","all":false,"statementMap":{"5":{"start":{"line":6,"column":0},"end":{"line":6,"column":62}},"6":{"start":{"line":7,"column":0},"end":{"line":7,"column":34}},"7":{"start":{"line":8,"column":0},"end":{"line":8,"column":74}},"8":{"start":{"line":9,"column":0},"end":{"line":9,"column":38}},"9":{"start":{"line":10,"column":0},"end":{"line":10,"column":4}},"10":{"start":{"line":11,"column":0},"end":{"line":11,"column":27}},"11":{"start":{"line":12,"column":0},"end":{"line":12,"column":74}},"12":{"start":{"line":13,"column":0},"end":{"line":13,"column":31}},"13":{"start":{"line":14,"column":0},"end":{"line":14,"column":4}},"14":{"start":{"line":15,"column":0},"end":{"line":15,"column":30}},"15":{"start":{"line":16,"column":0},"end":{"line":16,"column":74}},"16":{"start":{"line":17,"column":0},"end":{"line":17,"column":34}},"17":{"start":{"line":18,"column":0},"end":{"line":18,"column":4}},"18":{"start":{"line":19,"column":0},"end":{"line":19,"column":18}},"19":{"start":{"line":20,"column":0},"end":{"line":20,"column":17}},"20":{"start":{"line":21,"column":0},"end":{"line":21,"column":76}},"21":{"start":{"line":22,"column":0},"end":{"line":22,"column":28}},"22":{"start":{"line":23,"column":0},"end":{"line":23,"column":12}},"23":{"start":{"line":24,"column":0},"end":{"line":24,"column":26}},"24":{"start":{"line":25,"column":0},"end":{"line":25,"column":28}},"25":{"start":{"line":26,"column":0},"end":{"line":26,"column":5}},"26":{"start":{"line":27,"column":0},"end":{"line":27,"column":4}},"27":{"start":{"line":28,"column":0},"end":{"line":28,"column":58}},"28":{"start":{"line":29,"column":0},"end":{"line":29,"column":17}},"29":{"start":{"line":30,"column":0},"end":{"line":30,"column":76}},"30":{"start":{"line":31,"column":0},"end":{"line":31,"column":43}},"31":{"start":{"line":32,"column":0},"end":{"line":32,"column":31}},"32":{"start":{"line":33,"column":0},"end":{"line":33,"column":40}},"33":{"start":{"line":34,"column":0},"end":{"line":34,"column":42}},"34":{"start":{"line":35,"column":0},"end":{"line":35,"column":7}},"35":{"start":{"line":36,"column":0},"end":{"line":36,"column":17}},"36":{"start":{"line":37,"column":0},"end":{"line":37,"column":12}},"37":{"start":{"line":38,"column":0},"end":{"line":38,"column":31}},"38":{"start":{"line":39,"column":0},"end":{"line":39,"column":45}},"39":{"start":{"line":40,"column":0},"end":{"line":40,"column":49}},"40":{"start":{"line":41,"column":0},"end":{"line":41,"column":45}},"41":{"start":{"line":42,"column":0},"end":{"line":42,"column":48}},"42":{"start":{"line":43,"column":0},"end":{"line":43,"column":7}},"43":{"start":{"line":44,"column":0},"end":{"line":44,"column":47}},"44":{"start":{"line":45,"column":0},"end":{"line":45,"column":50}},"45":{"start":{"line":46,"column":0},"end":{"line":46,"column":7}},"46":{"start":{"line":47,"column":0},"end":{"line":47,"column":38}},"47":{"start":{"line":48,"column":0},"end":{"line":48,"column":5}},"48":{"start":{"line":49,"column":0},"end":{"line":49,"column":3}},"49":{"start":{"line":50,"column":0},"end":{"line":50,"column":1}}},"s":{"5":1,"6":1,"7":162,"8":162,"9":162,"10":1,"11":57,"12":57,"13":57,"14":1,"15":8,"16":8,"17":8,"18":1,"19":43,"20":42,"21":42,"22":43,"23":1,"24":1,"25":1,"26":43,"27":1,"28":25,"29":2,"30":2,"31":2,"32":2,"33":4,"34":4,"35":2,"36":25,"37":23,"38":23,"39":23,"40":23,"41":10,"42":10,"43":23,"44":6,"45":6,"46":23,"47":23,"48":25,"49":1},"branchMap":{"0":{"type":"branch","line":7,"loc":{"start":{"line":7,"column":11},"end":{"line":10,"column":4}},"locations":[{"start":{"line":7,"column":11},"end":{"line":10,"column":4}}]},"1":{"type":"branch","line":8,"loc":{"start":{"line":8,"column":28},"end":{"line":8,"column":60}},"locations":[{"start":{"line":8,"column":28},"end":{"line":8,"column":60}}]},"2":{"type":"branch","line":8,"loc":{"start":{"line":8,"column":45},"end":{"line":8,"column":74}},"locations":[{"start":{"line":8,"column":45},"end":{"line":8,"column":74}}]},"3":{"type":"branch","line":11,"loc":{"start":{"line":11,"column":11},"end":{"line":14,"column":4}},"locations":[{"start":{"line":11,"column":11},"end":{"line":14,"column":4}}]},"4":{"type":"branch","line":12,"loc":{"start":{"line":12,"column":28},"end":{"line":12,"column":60}},"locations":[{"start":{"line":12,"column":28},"end":{"line":12,"column":60}}]},"5":{"type":"branch","line":12,"loc":{"start":{"line":12,"column":45},"end":{"line":12,"column":74}},"locations":[{"start":{"line":12,"column":45},"end":{"line":12,"column":74}}]},"6":{"type":"branch","line":15,"loc":{"start":{"line":15,"column":14},"end":{"line":18,"column":4}},"locations":[{"start":{"line":15,"column":14},"end":{"line":18,"column":4}}]},"7":{"type":"branch","line":16,"loc":{"start":{"line":16,"column":28},"end":{"line":16,"column":60}},"locations":[{"start":{"line":16,"column":28},"end":{"line":16,"column":60}}]},"8":{"type":"branch","line":16,"loc":{"start":{"line":16,"column":45},"end":{"line":16,"column":74}},"locations":[{"start":{"line":16,"column":45},"end":{"line":16,"column":74}}]},"9":{"type":"branch","line":19,"loc":{"start":{"line":19,"column":9},"end":{"line":27,"column":4}},"locations":[{"start":{"line":19,"column":9},"end":{"line":27,"column":4}}]},"10":{"type":"branch","line":20,"loc":{"start":{"line":20,"column":16},"end":{"line":23,"column":11}},"locations":[{"start":{"line":20,"column":16},"end":{"line":23,"column":11}}]},"11":{"type":"branch","line":21,"loc":{"start":{"line":21,"column":30},"end":{"line":21,"column":62}},"locations":[{"start":{"line":21,"column":30},"end":{"line":21,"column":62}}]},"12":{"type":"branch","line":21,"loc":{"start":{"line":21,"column":47},"end":{"line":21,"column":76}},"locations":[{"start":{"line":21,"column":47},"end":{"line":21,"column":76}}]},"13":{"type":"branch","line":23,"loc":{"start":{"line":23,"column":4},"end":{"line":26,"column":5}},"locations":[{"start":{"line":23,"column":4},"end":{"line":26,"column":5}}]},"14":{"type":"branch","line":28,"loc":{"start":{"line":28,"column":11},"end":{"line":49,"column":3}},"locations":[{"start":{"line":28,"column":11},"end":{"line":49,"column":3}}]},"15":{"type":"branch","line":29,"loc":{"start":{"line":29,"column":16},"end":{"line":37,"column":11}},"locations":[{"start":{"line":29,"column":16},"end":{"line":37,"column":11}}]},"16":{"type":"branch","line":30,"loc":{"start":{"line":30,"column":30},"end":{"line":30,"column":62}},"locations":[{"start":{"line":30,"column":30},"end":{"line":30,"column":62}}]},"17":{"type":"branch","line":30,"loc":{"start":{"line":30,"column":47},"end":{"line":30,"column":76}},"locations":[{"start":{"line":30,"column":47},"end":{"line":30,"column":76}}]},"18":{"type":"branch","line":33,"loc":{"start":{"line":33,"column":39},"end":{"line":35,"column":7}},"locations":[{"start":{"line":33,"column":39},"end":{"line":35,"column":7}}]},"19":{"type":"branch","line":37,"loc":{"start":{"line":37,"column":4},"end":{"line":48,"column":5}},"locations":[{"start":{"line":37,"column":4},"end":{"line":48,"column":5}}]},"20":{"type":"branch","line":41,"loc":{"start":{"line":41,"column":44},"end":{"line":43,"column":7}},"locations":[{"start":{"line":41,"column":44},"end":{"line":43,"column":7}}]},"21":{"type":"branch","line":44,"loc":{"start":{"line":44,"column":46},"end":{"line":46,"column":7}},"locations":[{"start":{"line":44,"column":46},"end":{"line":46,"column":7}}]}},"b":{"0":[162],"1":[103],"2":[59],"3":[57],"4":[51],"5":[6],"6":[8],"7":[4],"8":[4],"9":[43],"10":[42],"11":[21],"12":[21],"13":[1],"14":[25],"15":[2],"16":[1],"17":[1],"18":[4],"19":[23],"20":[10],"21":[6]},"fnMap":{"0":{"name":"setItem","decl":{"start":{"line":7,"column":11},"end":{"line":10,"column":4}},"loc":{"start":{"line":7,"column":11},"end":{"line":10,"column":4}},"line":7},"1":{"name":"getItem","decl":{"start":{"line":11,"column":11},"end":{"line":14,"column":4}},"loc":{"start":{"line":11,"column":11},"end":{"line":14,"column":4}},"line":11},"2":{"name":"removeItem","decl":{"start":{"line":15,"column":14},"end":{"line":18,"column":4}},"loc":{"start":{"line":15,"column":14},"end":{"line":18,"column":4}},"line":15},"3":{"name":"clear","decl":{"start":{"line":19,"column":9},"end":{"line":27,"column":4}},"loc":{"start":{"line":19,"column":9},"end":{"line":27,"column":4}},"line":19},"4":{"name":"getKeys","decl":{"start":{"line":28,"column":11},"end":{"line":49,"column":3}},"loc":{"start":{"line":28,"column":11},"end":{"line":49,"column":3}},"line":28}},"f":{"0":162,"1":57,"2":8,"3":43,"4":25}}
,"/Users/enmotion/works/npm-project/vmo-store/use.lib/vmo-store.ts": {"path":"/Users/enmotion/works/npm-project/vmo-store/use.lib/vmo-store.ts","all":false,"statementMap":{"0":{"start":{"line":1,"column":0},"end":{"line":1,"column":2}},"11":{"start":{"line":12,"column":0},"end":{"line":12,"column":44}},"12":{"start":{"line":13,"column":0},"end":{"line":13,"column":50}},"18":{"start":{"line":19,"column":0},"end":{"line":19,"column":53}},"19":{"start":{"line":20,"column":0},"end":{"line":20,"column":54}},"20":{"start":{"line":21,"column":0},"end":{"line":21,"column":61}},"21":{"start":{"line":22,"column":0},"end":{"line":22,"column":41}},"22":{"start":{"line":23,"column":0},"end":{"line":23,"column":72}},"23":{"start":{"line":24,"column":0},"end":{"line":24,"column":66}},"24":{"start":{"line":25,"column":0},"end":{"line":25,"column":35}},"25":{"start":{"line":26,"column":0},"end":{"line":26,"column":18}},"30":{"start":{"line":31,"column":0},"end":{"line":31,"column":36}},"31":{"start":{"line":32,"column":0},"end":{"line":32,"column":9}},"32":{"start":{"line":33,"column":0},"end":{"line":33,"column":59}},"33":{"start":{"line":34,"column":0},"end":{"line":34,"column":91}},"34":{"start":{"line":35,"column":0},"end":{"line":35,"column":47}},"35":{"start":{"line":36,"column":0},"end":{"line":36,"column":43}},"36":{"start":{"line":37,"column":0},"end":{"line":37,"column":81}},"37":{"start":{"line":38,"column":0},"end":{"line":38,"column":65}},"38":{"start":{"line":39,"column":0},"end":{"line":39,"column":45}},"39":{"start":{"line":40,"column":0},"end":{"line":40,"column":61}},"40":{"start":{"line":41,"column":0},"end":{"line":41,"column":44}},"41":{"start":{"line":42,"column":0},"end":{"line":42,"column":52}},"42":{"start":{"line":43,"column":0},"end":{"line":43,"column":44}},"43":{"start":{"line":44,"column":0},"end":{"line":44,"column":31}},"44":{"start":{"line":45,"column":0},"end":{"line":45,"column":46}},"45":{"start":{"line":46,"column":0},"end":{"line":46,"column":8}},"46":{"start":{"line":47,"column":0},"end":{"line":47,"column":87}},"47":{"start":{"line":48,"column":0},"end":{"line":48,"column":36}},"48":{"start":{"line":49,"column":0},"end":{"line":49,"column":38}},"49":{"start":{"line":50,"column":0},"end":{"line":50,"column":19}},"50":{"start":{"line":51,"column":0},"end":{"line":51,"column":95}},"51":{"start":{"line":52,"column":0},"end":{"line":52,"column":5}},"52":{"start":{"line":53,"column":0},"end":{"line":53,"column":3}},"58":{"start":{"line":59,"column":0},"end":{"line":59,"column":53}},"59":{"start":{"line":60,"column":0},"end":{"line":60,"column":37}},"60":{"start":{"line":61,"column":0},"end":{"line":61,"column":36}},"61":{"start":{"line":62,"column":0},"end":{"line":62,"column":35}},"62":{"start":{"line":63,"column":0},"end":{"line":63,"column":6}},"63":{"start":{"line":64,"column":0},"end":{"line":64,"column":24}},"64":{"start":{"line":65,"column":0},"end":{"line":65,"column":3}},"73":{"start":{"line":74,"column":0},"end":{"line":74,"column":23}},"74":{"start":{"line":75,"column":0},"end":{"line":75,"column":18}},"75":{"start":{"line":76,"column":0},"end":{"line":76,"column":9}},"76":{"start":{"line":77,"column":0},"end":{"line":77,"column":97}},"77":{"start":{"line":78,"column":0},"end":{"line":78,"column":21}},"78":{"start":{"line":79,"column":0},"end":{"line":79,"column":21}},"79":{"start":{"line":80,"column":0},"end":{"line":80,"column":25}},"80":{"start":{"line":81,"column":0},"end":{"line":81,"column":72}},"81":{"start":{"line":82,"column":0},"end":{"line":82,"column":102}},"82":{"start":{"line":83,"column":0},"end":{"line":83,"column":46}},"83":{"start":{"line":84,"column":0},"end":{"line":84,"column":23}},"84":{"start":{"line":85,"column":0},"end":{"line":85,"column":21}},"85":{"start":{"line":86,"column":0},"end":{"line":86,"column":25}},"86":{"start":{"line":87,"column":0},"end":{"line":87,"column":74}},"87":{"start":{"line":88,"column":0},"end":{"line":88,"column":104}},"88":{"start":{"line":89,"column":0},"end":{"line":89,"column":45}},"89":{"start":{"line":90,"column":0},"end":{"line":90,"column":7}},"90":{"start":{"line":91,"column":0},"end":{"line":91,"column":77}},"91":{"start":{"line":92,"column":0},"end":{"line":92,"column":44}},"92":{"start":{"line":93,"column":0},"end":{"line":93,"column":72}},"93":{"start":{"line":94,"column":0},"end":{"line":94,"column":8}},"94":{"start":{"line":95,"column":0},"end":{"line":95,"column":44}},"95":{"start":{"line":96,"column":0},"end":{"line":96,"column":19}},"97":{"start":{"line":98,"column":0},"end":{"line":98,"column":15}},"98":{"start":{"line":99,"column":0},"end":{"line":99,"column":5}},"99":{"start":{"line":100,"column":0},"end":{"line":100,"column":3}},"100":{"start":{"line":101,"column":0},"end":{"line":101,"column":62}},"101":{"start":{"line":102,"column":0},"end":{"line":102,"column":18}},"102":{"start":{"line":103,"column":0},"end":{"line":103,"column":46}},"103":{"start":{"line":104,"column":0},"end":{"line":104,"column":107}},"104":{"start":{"line":105,"column":0},"end":{"line":105,"column":5}},"105":{"start":{"line":106,"column":0},"end":{"line":106,"column":40}},"106":{"start":{"line":107,"column":0},"end":{"line":107,"column":108}},"107":{"start":{"line":108,"column":0},"end":{"line":108,"column":95}},"108":{"start":{"line":109,"column":0},"end":{"line":109,"column":69}},"109":{"start":{"line":110,"column":0},"end":{"line":110,"column":12}},"110":{"start":{"line":111,"column":0},"end":{"line":111,"column":22}},"111":{"start":{"line":112,"column":0},"end":{"line":112,"column":80}},"112":{"start":{"line":113,"column":0},"end":{"line":113,"column":29}},"113":{"start":{"line":114,"column":0},"end":{"line":114,"column":113}},"114":{"start":{"line":115,"column":0},"end":{"line":115,"column":69}},"115":{"start":{"line":116,"column":0},"end":{"line":116,"column":17}},"116":{"start":{"line":117,"column":0},"end":{"line":117,"column":7}},"117":{"start":{"line":118,"column":0},"end":{"line":118,"column":5}},"118":{"start":{"line":119,"column":0},"end":{"line":119,"column":3}},"124":{"start":{"line":125,"column":0},"end":{"line":125,"column":55}},"125":{"start":{"line":126,"column":0},"end":{"line":126,"column":26}},"126":{"start":{"line":127,"column":0},"end":{"line":127,"column":61}},"140":{"start":{"line":141,"column":0},"end":{"line":141,"column":54}},"141":{"start":{"line":142,"column":0},"end":{"line":142,"column":13}},"143":{"start":{"line":144,"column":0},"end":{"line":144,"column":53}},"145":{"start":{"line":146,"column":0},"end":{"line":146,"column":60}},"146":{"start":{"line":147,"column":0},"end":{"line":147,"column":38}},"148":{"start":{"line":149,"column":0},"end":{"line":149,"column":58}},"150":{"start":{"line":151,"column":0},"end":{"line":151,"column":113}},"151":{"start":{"line":152,"column":0},"end":{"line":152,"column":101}},"152":{"start":{"line":153,"column":0},"end":{"line":153,"column":20}},"154":{"start":{"line":155,"column":0},"end":{"line":155,"column":27}},"155":{"start":{"line":156,"column":0},"end":{"line":156,"column":53}},"156":{"start":{"line":157,"column":0},"end":{"line":157,"column":68}},"157":{"start":{"line":158,"column":0},"end":{"line":158,"column":15}},"158":{"start":{"line":159,"column":0},"end":{"line":159,"column":13}},"160":{"start":{"line":161,"column":0},"end":{"line":161,"column":56}},"161":{"start":{"line":162,"column":0},"end":{"line":162,"column":95}},"162":{"start":{"line":163,"column":0},"end":{"line":163,"column":21}},"163":{"start":{"line":164,"column":0},"end":{"line":164,"column":59}},"164":{"start":{"line":165,"column":0},"end":{"line":165,"column":18}},"166":{"start":{"line":167,"column":0},"end":{"line":167,"column":94}},"167":{"start":{"line":168,"column":0},"end":{"line":168,"column":11}},"168":{"start":{"line":169,"column":0},"end":{"line":169,"column":23}},"169":{"start":{"line":170,"column":0},"end":{"line":170,"column":27}},"170":{"start":{"line":171,"column":0},"end":{"line":171,"column":26}},"171":{"start":{"line":172,"column":0},"end":{"line":172,"column":9}},"172":{"start":{"line":173,"column":0},"end":{"line":173,"column":8}},"186":{"start":{"line":187,"column":0},"end":{"line":187,"column":61}},"187":{"start":{"line":188,"column":0},"end":{"line":188,"column":13}},"189":{"start":{"line":190,"column":0},"end":{"line":190,"column":53}},"190":{"start":{"line":191,"column":0},"end":{"line":191,"column":58}},"191":{"start":{"line":192,"column":0},"end":{"line":192,"column":16}},"192":{"start":{"line":193,"column":0},"end":{"line":193,"column":51}},"193":{"start":{"line":194,"column":0},"end":{"line":194,"column":95}},"194":{"start":{"line":195,"column":0},"end":{"line":195,"column":15}},"195":{"start":{"line":196,"column":0},"end":{"line":196,"column":28}},"196":{"start":{"line":197,"column":0},"end":{"line":197,"column":97}},"197":{"start":{"line":198,"column":0},"end":{"line":198,"column":30}},"198":{"start":{"line":199,"column":0},"end":{"line":199,"column":88}},"199":{"start":{"line":200,"column":0},"end":{"line":200,"column":23}},"200":{"start":{"line":201,"column":0},"end":{"line":201,"column":68}},"201":{"start":{"line":202,"column":0},"end":{"line":202,"column":66}},"202":{"start":{"line":203,"column":0},"end":{"line":203,"column":25}},"203":{"start":{"line":204,"column":0},"end":{"line":204,"column":20}},"204":{"start":{"line":205,"column":0},"end":{"line":205,"column":30}},"205":{"start":{"line":206,"column":0},"end":{"line":206,"column":77}},"206":{"start":{"line":207,"column":0},"end":{"line":207,"column":59}},"207":{"start":{"line":208,"column":0},"end":{"line":208,"column":82}},"208":{"start":{"line":209,"column":0},"end":{"line":209,"column":15}},"209":{"start":{"line":210,"column":0},"end":{"line":210,"column":13}},"210":{"start":{"line":211,"column":0},"end":{"line":211,"column":18}},"211":{"start":{"line":212,"column":0},"end":{"line":212,"column":92}},"212":{"start":{"line":213,"column":0},"end":{"line":213,"column":11}},"213":{"start":{"line":214,"column":0},"end":{"line":214,"column":23}},"214":{"start":{"line":215,"column":0},"end":{"line":215,"column":28}},"215":{"start":{"line":216,"column":0},"end":{"line":216,"column":9}},"216":{"start":{"line":217,"column":0},"end":{"line":217,"column":7}},"217":{"start":{"line":218,"column":0},"end":{"line":218,"column":5}},"218":{"start":{"line":219,"column":0},"end":{"line":219,"column":49}},"219":{"start":{"line":220,"column":0},"end":{"line":220,"column":21}},"220":{"start":{"line":221,"column":0},"end":{"line":221,"column":3}},"227":{"start":{"line":228,"column":0},"end":{"line":228,"column":60}},"228":{"start":{"line":229,"column":0},"end":{"line":229,"column":42}},"229":{"start":{"line":230,"column":0},"end":{"line":230,"column":23}},"230":{"start":{"line":231,"column":0},"end":{"line":231,"column":25}},"231":{"start":{"line":232,"column":0},"end":{"line":232,"column":6}},"232":{"start":{"line":233,"column":0},"end":{"line":233,"column":17}},"233":{"start":{"line":234,"column":0},"end":{"line":234,"column":3}},"243":{"start":{"line":244,"column":0},"end":{"line":244,"column":87}},"244":{"start":{"line":245,"column":0},"end":{"line":245,"column":18}},"245":{"start":{"line":246,"column":0},"end":{"line":246,"column":37}},"246":{"start":{"line":247,"column":0},"end":{"line":247,"column":53}},"247":{"start":{"line":248,"column":0},"end":{"line":248,"column":5}},"248":{"start":{"line":249,"column":0},"end":{"line":249,"column":65}},"249":{"start":{"line":250,"column":0},"end":{"line":250,"column":37}},"250":{"start":{"line":251,"column":0},"end":{"line":251,"column":37}},"251":{"start":{"line":252,"column":0},"end":{"line":252,"column":5}},"252":{"start":{"line":253,"column":0},"end":{"line":253,"column":48}},"253":{"start":{"line":254,"column":0},"end":{"line":254,"column":38}},"254":{"start":{"line":255,"column":0},"end":{"line":255,"column":20}},"255":{"start":{"line":256,"column":0},"end":{"line":256,"column":16}},"256":{"start":{"line":257,"column":0},"end":{"line":257,"column":21}},"257":{"start":{"line":258,"column":0},"end":{"line":258,"column":26}},"258":{"start":{"line":259,"column":0},"end":{"line":259,"column":30}},"259":{"start":{"line":260,"column":0},"end":{"line":260,"column":80}},"260":{"start":{"line":261,"column":0},"end":{"line":261,"column":79}},"261":{"start":{"line":262,"column":0},"end":{"line":262,"column":5}},"262":{"start":{"line":263,"column":0},"end":{"line":263,"column":20}},"263":{"start":{"line":264,"column":0},"end":{"line":264,"column":178}},"264":{"start":{"line":265,"column":0},"end":{"line":265,"column":5}},"265":{"start":{"line":266,"column":0},"end":{"line":266,"column":3}},"273":{"start":{"line":274,"column":0},"end":{"line":274,"column":27}},"274":{"start":{"line":275,"column":0},"end":{"line":275,"column":11}},"281":{"start":{"line":282,"column":0},"end":{"line":282,"column":5}},"282":{"start":{"line":283,"column":0},"end":{"line":283,"column":74}},"283":{"start":{"line":284,"column":0},"end":{"line":284,"column":3}},"289":{"start":{"line":290,"column":0},"end":{"line":290,"column":52}},"290":{"start":{"line":291,"column":0},"end":{"line":291,"column":52}},"291":{"start":{"line":292,"column":0},"end":{"line":292,"column":3}},"305":{"start":{"line":306,"column":0},"end":{"line":306,"column":49}},"306":{"start":{"line":307,"column":0},"end":{"line":307,"column":18}},"307":{"start":{"line":308,"column":0},"end":{"line":308,"column":41}},"308":{"start":{"line":309,"column":0},"end":{"line":309,"column":19}},"309":{"start":{"line":310,"column":0},"end":{"line":310,"column":17}},"310":{"start":{"line":311,"column":0},"end":{"line":311,"column":16}},"311":{"start":{"line":312,"column":0},"end":{"line":312,"column":45}},"312":{"start":{"line":313,"column":0},"end":{"line":313,"column":27}},"313":{"start":{"line":314,"column":0},"end":{"line":314,"column":54}},"314":{"start":{"line":315,"column":0},"end":{"line":315,"column":56}},"315":{"start":{"line":316,"column":0},"end":{"line":316,"column":12}},"316":{"start":{"line":317,"column":0},"end":{"line":317,"column":13}},"317":{"start":{"line":318,"column":0},"end":{"line":318,"column":18}},"318":{"start":{"line":319,"column":0},"end":{"line":319,"column":79}},"319":{"start":{"line":320,"column":0},"end":{"line":320,"column":55}},"320":{"start":{"line":321,"column":0},"end":{"line":321,"column":16}},"321":{"start":{"line":322,"column":0},"end":{"line":322,"column":26}},"322":{"start":{"line":323,"column":0},"end":{"line":323,"column":58}},"323":{"start":{"line":324,"column":0},"end":{"line":324,"column":12}},"324":{"start":{"line":325,"column":0},"end":{"line":325,"column":23}},"325":{"start":{"line":326,"column":0},"end":{"line":326,"column":54}},"326":{"start":{"line":327,"column":0},"end":{"line":327,"column":56}},"327":{"start":{"line":328,"column":0},"end":{"line":328,"column":12}},"328":{"start":{"line":329,"column":0},"end":{"line":329,"column":5}},"329":{"start":{"line":330,"column":0},"end":{"line":330,"column":3}},"334":{"start":{"line":335,"column":0},"end":{"line":335,"column":58}},"335":{"start":{"line":336,"column":0},"end":{"line":336,"column":17}},"336":{"start":{"line":337,"column":0},"end":{"line":337,"column":31}},"337":{"start":{"line":338,"column":0},"end":{"line":338,"column":12}},"338":{"start":{"line":339,"column":0},"end":{"line":339,"column":41}},"339":{"start":{"line":340,"column":0},"end":{"line":340,"column":43}},"340":{"start":{"line":341,"column":0},"end":{"line":341,"column":5}},"341":{"start":{"line":342,"column":0},"end":{"line":342,"column":3}},"347":{"start":{"line":348,"column":0},"end":{"line":348,"column":51}},"348":{"start":{"line":349,"column":0},"end":{"line":349,"column":28}},"349":{"start":{"line":350,"column":0},"end":{"line":350,"column":3}},"350":{"start":{"line":351,"column":0},"end":{"line":351,"column":59}},"351":{"start":{"line":352,"column":0},"end":{"line":352,"column":38}},"352":{"start":{"line":353,"column":0},"end":{"line":353,"column":3}},"354":{"start":{"line":355,"column":0},"end":{"line":355,"column":39}},"355":{"start":{"line":356,"column":0},"end":{"line":356,"column":37}},"356":{"start":{"line":357,"column":0},"end":{"line":357,"column":35}},"357":{"start":{"line":358,"column":0},"end":{"line":358,"column":6}},"358":{"start":{"line":359,"column":0},"end":{"line":359,"column":3}},"364":{"start":{"line":365,"column":0},"end":{"line":365,"column":45}},"365":{"start":{"line":366,"column":0},"end":{"line":366,"column":37}},"366":{"start":{"line":367,"column":0},"end":{"line":367,"column":61}},"367":{"start":{"line":368,"column":0},"end":{"line":368,"column":29}},"368":{"start":{"line":369,"column":0},"end":{"line":369,"column":26}},"369":{"start":{"line":370,"column":0},"end":{"line":370,"column":12}},"370":{"start":{"line":371,"column":0},"end":{"line":371,"column":42}},"371":{"start":{"line":372,"column":0},"end":{"line":372,"column":62}},"372":{"start":{"line":373,"column":0},"end":{"line":373,"column":30}},"373":{"start":{"line":374,"column":0},"end":{"line":374,"column":28}},"374":{"start":{"line":375,"column":0},"end":{"line":375,"column":8}},"375":{"start":{"line":376,"column":0},"end":{"line":376,"column":5}},"376":{"start":{"line":377,"column":0},"end":{"line":377,"column":3}},"382":{"start":{"line":383,"column":0},"end":{"line":383,"column":46}},"383":{"start":{"line":384,"column":0},"end":{"line":384,"column":37}},"384":{"start":{"line":385,"column":0},"end":{"line":385,"column":61}},"385":{"start":{"line":386,"column":0},"end":{"line":386,"column":29}},"386":{"start":{"line":387,"column":0},"end":{"line":387,"column":30}},"387":{"start":{"line":388,"column":0},"end":{"line":388,"column":26}},"388":{"start":{"line":389,"column":0},"end":{"line":389,"column":12}},"389":{"start":{"line":390,"column":0},"end":{"line":390,"column":42}},"390":{"start":{"line":391,"column":0},"end":{"line":391,"column":62}},"391":{"start":{"line":392,"column":0},"end":{"line":392,"column":30}},"392":{"start":{"line":393,"column":0},"end":{"line":393,"column":31}},"393":{"start":{"line":394,"column":0},"end":{"line":394,"column":28}},"394":{"start":{"line":395,"column":0},"end":{"line":395,"column":8}},"395":{"start":{"line":396,"column":0},"end":{"line":396,"column":5}},"396":{"start":{"line":397,"column":0},"end":{"line":397,"column":3}},"401":{"start":{"line":402,"column":0},"end":{"line":402,"column":24}},"402":{"start":{"line":403,"column":0},"end":{"line":403,"column":18}},"403":{"start":{"line":404,"column":0},"end":{"line":404,"column":12}},"404":{"start":{"line":405,"column":0},"end":{"line":405,"column":21}},"405":{"start":{"line":406,"column":0},"end":{"line":406,"column":90}},"406":{"start":{"line":407,"column":0},"end":{"line":407,"column":50}},"407":{"start":{"line":408,"column":0},"end":{"line":408,"column":8}},"408":{"start":{"line":409,"column":0},"end":{"line":409,"column":23}},"409":{"start":{"line":410,"column":0},"end":{"line":410,"column":92}},"410":{"start":{"line":411,"column":0},"end":{"line":411,"column":52}},"411":{"start":{"line":412,"column":0},"end":{"line":412,"column":7}},"412":{"start":{"line":413,"column":0},"end":{"line":413,"column":5}},"413":{"start":{"line":414,"column":0},"end":{"line":414,"column":3}},"414":{"start":{"line":415,"column":0},"end":{"line":415,"column":33}},"415":{"start":{"line":416,"column":0},"end":{"line":416,"column":47}},"416":{"start":{"line":417,"column":0},"end":{"line":417,"column":3}},"417":{"start":{"line":418,"column":0},"end":{"line":418,"column":25}},"418":{"start":{"line":419,"column":0},"end":{"line":419,"column":26}},"419":{"start":{"line":420,"column":0},"end":{"line":420,"column":3}},"420":{"start":{"line":421,"column":0},"end":{"line":421,"column":25}},"421":{"start":{"line":422,"column":0},"end":{"line":422,"column":26}},"422":{"start":{"line":423,"column":0},"end":{"line":423,"column":3}},"423":{"start":{"line":424,"column":0},"end":{"line":424,"column":1}}},"s":{"0":1,"11":1,"12":1,"18":1,"19":41,"20":41,"21":41,"22":41,"23":41,"24":41,"25":41,"30":41,"31":41,"32":41,"33":41,"34":41,"35":41,"36":41,"37":41,"38":41,"39":41,"40":41,"41":41,"42":41,"43":41,"44":41,"45":41,"46":41,"47":41,"48":41,"49":41,"50":2,"51":2,"52":41,"58":41,"59":40,"60":40,"61":177,"62":40,"63":40,"64":40,"73":41,"74":40,"75":40,"76":40,"77":40,"78":40,"79":40,"80":0,"81":40,"82":40,"83":40,"84":40,"85":40,"86":0,"87":1,"88":40,"89":40,"90":40,"91":40,"92":6,"93":40,"94":40,"95":40,"97":39,"98":39,"99":40,"100":41,"101":162,"102":162,"103":162,"104":162,"105":162,"106":162,"107":162,"108":159,"109":162,"110":2,"111":2,"112":2,"113":2,"114":2,"115":2,"116":2,"117":2,"118":162,"124":41,"125":40,"126":40,"140":40,"141":75,"143":75,"145":64,"146":64,"148":64,"150":64,"151":41,"152":64,"154":23,"155":10,"156":10,"157":10,"158":23,"160":64,"161":33,"162":33,"163":31,"164":75,"166":11,"167":11,"168":75,"169":11,"170":11,"171":11,"172":75,"186":40,"187":62,"189":62,"190":60,"191":60,"192":60,"193":8,"194":60,"195":54,"196":54,"197":54,"198":54,"199":54,"200":54,"201":54,"202":54,"203":60,"204":6,"205":6,"206":6,"207":6,"208":6,"209":6,"210":62,"211":2,"212":2,"213":62,"214":10,"215":10,"216":62,"217":40,"218":40,"219":40,"220":40,"227":41,"228":161,"229":161,"230":224,"231":161,"232":161,"233":161,"243":41,"244":487,"245":487,"246":137,"247":137,"248":350,"249":409,"250":30,"251":30,"252":320,"253":409,"254":319,"255":319,"256":319,"257":319,"258":319,"259":319,"260":319,"261":319,"262":1,"263":1,"264":1,"265":487,"273":41,"274":31,"281":31,"282":31,"283":31,"289":41,"290":124,"291":124,"305":41,"306":22,"307":22,"308":22,"309":22,"310":19,"311":19,"312":19,"313":2,"314":2,"315":19,"316":19,"317":22,"318":3,"319":3,"320":3,"321":3,"322":3,"323":3,"324":3,"325":1,"326":1,"327":3,"328":22,"329":22,"334":41,"335":5,"336":4,"337":5,"338":1,"339":1,"340":1,"341":5,"347":41,"348":44,"349":44,"350":41,"351":42,"352":42,"354":41,"355":2,"356":2,"357":2,"358":2,"364":41,"365":5,"366":2,"367":2,"368":2,"369":3,"370":3,"371":10,"372":10,"373":10,"374":3,"375":3,"376":5,"382":41,"383":4,"384":2,"385":2,"386":2,"387":2,"388":2,"389":2,"390":4,"391":4,"392":4,"393":4,"394":2,"395":2,"396":4,"401":41,"402":2,"403":2,"404":2,"405":2,"406":2,"407":2,"408":2,"409":2,"410":2,"411":2,"412":2,"413":2,"414":41,"415":6,"416":6,"417":41,"418":2,"419":2,"420":41,"421":2,"422":2,"423":41},"branchMap":{"0":{"type":"branch","line":19,"loc":{"start":{"line":19,"column":7},"end":{"line":424,"column":1}},"locations":[{"start":{"line":19,"column":7},"end":{"line":424,"column":1}}]},"1":{"type":"branch","line":31,"loc":{"start":{"line":31,"column":2},"end":{"line":53,"column":3}},"locations":[{"start":{"line":31,"column":2},"end":{"line":53,"column":3}}]},"2":{"type":"branch","line":34,"loc":{"start":{"line":34,"column":34},"end":{"line":34,"column":55}},"locations":[{"start":{"line":34,"column":34},"end":{"line":34,"column":55}}]},"3":{"type":"branch","line":34,"loc":{"start":{"line":34,"column":66},"end":{"line":34,"column":87}},"locations":[{"start":{"line":34,"column":66},"end":{"line":34,"column":87}}]},"4":{"type":"branch","line":35,"loc":{"start":{"line":35,"column":41},"end":{"line":35,"column":47}},"locations":[{"start":{"line":35,"column":41},"end":{"line":35,"column":47}}]},"5":{"type":"branch","line":37,"loc":{"start":{"line":37,"column":39},"end":{"line":37,"column":58}},"locations":[{"start":{"line":37,"column":39},"end":{"line":37,"column":58}}]},"6":{"type":"branch","line":37,"loc":{"start":{"line":37,"column":47},"end":{"line":37,"column":60}},"locations":[{"start":{"line":37,"column":47},"end":{"line":37,"column":60}}]},"7":{"type":"branch","line":38,"loc":{"start":{"line":38,"column":29},"end":{"line":38,"column":65}},"locations":[{"start":{"line":38,"column":29},"end":{"line":38,"column":65}}]},"8":{"type":"branch","line":41,"loc":{"start":{"line":41,"column":30},"end":{"line":41,"column":44}},"locations":[{"start":{"line":41,"column":30},"end":{"line":41,"column":44}}]},"9":{"type":"branch","line":43,"loc":{"start":{"line":43,"column":22},"end":{"line":43,"column":44}},"locations":[{"start":{"line":43,"column":22},"end":{"line":43,"column":44}}]},"10":{"type":"branch","line":47,"loc":{"start":{"line":47,"column":13},"end":{"line":47,"column":87}},"locations":[{"start":{"line":47,"column":13},"end":{"line":47,"column":87}}]},"11":{"type":"branch","line":50,"loc":{"start":{"line":50,"column":4},"end":{"line":52,"column":5}},"locations":[{"start":{"line":50,"column":4},"end":{"line":52,"column":5}}]},"12":{"type":"branch","line":51,"loc":{"start":{"line":51,"column":48},"end":{"line":51,"column":94}},"locations":[{"start":{"line":51,"column":48},"end":{"line":51,"column":94}}]},"13":{"type":"branch","line":59,"loc":{"start":{"line":59,"column":10},"end":{"line":65,"column":3}},"locations":[{"start":{"line":59,"column":10},"end":{"line":65,"column":3}}]},"14":{"type":"branch","line":61,"loc":{"start":{"line":61,"column":30},"end":{"line":63,"column":5}},"locations":[{"start":{"line":61,"column":30},"end":{"line":63,"column":5}}]},"15":{"type":"branch","line":74,"loc":{"start":{"line":74,"column":10},"end":{"line":100,"column":3}},"locations":[{"start":{"line":74,"column":10},"end":{"line":100,"column":3}}]},"16":{"type":"branch","line":80,"loc":{"start":{"line":80,"column":15},"end":{"line":81,"column":72}},"locations":[{"start":{"line":80,"column":15},"end":{"line":81,"column":72}}]},"17":{"type":"branch","line":82,"loc":{"start":{"line":82,"column":72},"end":{"line":82,"column":81}},"locations":[{"start":{"line":82,"column":72},"end":{"line":82,"column":81}}]},"18":{"type":"branch","line":82,"loc":{"start":{"line":82,"column":93},"end":{"line":82,"column":102}},"locations":[{"start":{"line":82,"column":93},"end":{"line":82,"column":102}}]},"19":{"type":"branch","line":83,"loc":{"start":{"line":83,"column":10},"end":{"line":83,"column":46}},"locations":[{"start":{"line":83,"column":10},"end":{"line":83,"column":46}}]},"20":{"type":"branch","line":86,"loc":{"start":{"line":86,"column":15},"end":{"line":87,"column":74}},"locations":[{"start":{"line":86,"column":15},"end":{"line":87,"column":74}}]},"21":{"type":"branch","line":87,"loc":{"start":{"line":87,"column":70},"end":{"line":88,"column":104}},"locations":[{"start":{"line":87,"column":70},"end":{"line":88,"column":104}}]},"22":{"type":"branch","line":88,"loc":{"start":{"line":88,"column":74},"end":{"line":88,"column":83}},"locations":[{"start":{"line":88,"column":74},"end":{"line":88,"column":83}}]},"23":{"type":"branch","line":88,"loc":{"start":{"line":88,"column":95},"end":{"line":88,"column":104}},"locations":[{"start":{"line":88,"column":95},"end":{"line":88,"column":104}}]},"24":{"type":"branch","line":89,"loc":{"start":{"line":89,"column":10},"end":{"line":89,"column":45}},"locations":[{"start":{"line":89,"column":10},"end":{"line":89,"column":45}}]},"25":{"type":"branch","line":96,"loc":{"start":{"line":96,"column":4},"end":{"line":99,"column":5}},"locations":[{"start":{"line":96,"column":4},"end":{"line":99,"column":5}}]},"26":{"type":"branch","line":92,"loc":{"start":{"line":92,"column":36},"end":{"line":94,"column":7}},"locations":[{"start":{"line":92,"column":36},"end":{"line":94,"column":7}}]},"27":{"type":"branch","line":93,"loc":{"start":{"line":93,"column":42},"end":{"line":93,"column":66}},"locations":[{"start":{"line":93,"column":42},"end":{"line":93,"column":66}}]},"28":{"type":"branch","line":101,"loc":{"start":{"line":101,"column":10},"end":{"line":119,"column":3}},"locations":[{"start":{"line":101,"column":10},"end":{"line":119,"column":3}}]},"29":{"type":"branch","line":107,"loc":{"start":{"line":107,"column":26},"end":{"line":107,"column":63}},"locations":[{"start":{"line":107,"column":26},"end":{"line":107,"column":63}}]},"30":{"type":"branch","line":107,"loc":{"start":{"line":107,"column":59},"end":{"line":107,"column":108}},"locations":[{"start":{"line":107,"column":59},"end":{"line":107,"column":108}}]},"31":{"type":"branch","line":108,"loc":{"start":{"line":108,"column":11},"end":{"line":108,"column":33}},"locations":[{"start":{"line":108,"column":11},"end":{"line":108,"column":33}}]},"32":{"type":"branch","line":108,"loc":{"start":{"line":108,"column":27},"end":{"line":108,"column":94}},"locations":[{"start":{"line":108,"column":27},"end":{"line":108,"column":94}}]},"33":{"type":"branch","line":108,"loc":{"start":{"line":108,"column":94},"end":{"line":110,"column":11}},"locations":[{"start":{"line":108,"column":94},"end":{"line":110,"column":11}}]},"34":{"type":"branch","line":110,"loc":{"start":{"line":110,"column":4},"end":{"line":118,"column":5}},"locations":[{"start":{"line":110,"column":4},"end":{"line":118,"column":5}}]},"35":{"type":"branch","line":104,"loc":{"start":{"line":104,"column":6},"end":{"line":104,"column":107}},"locations":[{"start":{"line":104,"column":6},"end":{"line":104,"column":107}}]},"36":{"type":"branch","line":104,"loc":{"start":{"line":104,"column":37},"end":{"line":104,"column":107}},"locations":[{"start":{"line":104,"column":37},"end":{"line":104,"column":107}}]},"37":{"type":"branch","line":125,"loc":{"start":{"line":125,"column":10},"end":{"line":221,"column":3}},"locations":[{"start":{"line":125,"column":10},"end":{"line":221,"column":3}}]},"38":{"type":"branch","line":141,"loc":{"start":{"line":141,"column":11},"end":{"line":173,"column":8}},"locations":[{"start":{"line":141,"column":11},"end":{"line":173,"column":8}}]},"39":{"type":"branch","line":144,"loc":{"start":{"line":144,"column":52},"end":{"line":165,"column":17}},"locations":[{"start":{"line":144,"column":52},"end":{"line":165,"column":17}}]},"40":{"type":"branch","line":151,"loc":{"start":{"line":151,"column":33},"end":{"line":151,"column":112}},"locations":[{"start":{"line":151,"column":33},"end":{"line":151,"column":112}}]},"41":{"type":"branch","line":151,"loc":{"start":{"line":151,"column":112},"end":{"line":153,"column":19}},"locations":[{"start":{"line":151,"column":112},"end":{"line":153,"column":19}}]},"42":{"type":"branch","line":152,"loc":{"start":{"line":152,"column":22},"end":{"line":152,"column":32}},"locations":[{"start":{"line":152,"column":22},"end":{"line":152,"column":32}}]},"43":{"type":"branch","line":152,"loc":{"start":{"line":152,"column":28},"end":{"line":152,"column":60}},"locations":[{"start":{"line":152,"column":28},"end":{"line":152,"column":60}}]},"44":{"type":"branch","line":152,"loc":{"start":{"line":152,"column":56},"end":{"line":152,"column":101}},"locations":[{"start":{"line":152,"column":56},"end":{"line":152,"column":101}}]},"45":{"type":"branch","line":152,"loc":{"start":{"line":152,"column":60},"end":{"line":152,"column":101}},"locations":[{"start":{"line":152,"column":60},"end":{"line":152,"column":101}}]},"46":{"type":"branch","line":153,"loc":{"start":{"line":153,"column":12},"end":{"line":159,"column":13}},"locations":[{"start":{"line":153,"column":12},"end":{"line":159,"column":13}}]},"47":{"type":"branch","line":155,"loc":{"start":{"line":155,"column":26},"end":{"line":158,"column":15}},"locations":[{"start":{"line":155,"column":26},"end":{"line":158,"column":15}}]},"48":{"type":"branch","line":157,"loc":{"start":{"line":157,"column":43},"end":{"line":157,"column":67}},"locations":[{"start":{"line":157,"column":43},"end":{"line":157,"column":67}}]},"49":{"type":"branch","line":161,"loc":{"start":{"line":161,"column":34},"end":{"line":161,"column":52}},"locations":[{"start":{"line":161,"column":34},"end":{"line":161,"column":52}}]},"50":{"type":"branch","line":161,"loc":{"start":{"line":161,"column":52},"end":{"line":162,"column":95}},"locations":[{"start":{"line":161,"column":52},"end":{"line":162,"column":95}}]},"51":{"type":"branch","line":162,"loc":{"start":{"line":162,"column":38},"end":{"line":162,"column":95}},"locations":[{"start":{"line":162,"column":38},"end":{"line":162,"column":95}}]},"52":{"type":"branch","line":162,"loc":{"start":{"line":162,"column":75},"end":{"line":162,"column":93}},"locations":[{"start":{"line":162,"column":75},"end":{"line":162,"column":93}}]},"53":{"type":"branch","line":162,"loc":{"start":{"line":162,"column":93},"end":{"line":163,"column":21}},"locations":[{"start":{"line":162,"column":93},"end":{"line":163,"column":21}}]},"54":{"type":"branch","line":163,"loc":{"start":{"line":163,"column":16},"end":{"line":164,"column":59}},"locations":[{"start":{"line":163,"column":16},"end":{"line":164,"column":59}}]},"55":{"type":"branch","line":165,"loc":{"start":{"line":165,"column":10},"end":{"line":168,"column":11}},"locations":[{"start":{"line":165,"column":10},"end":{"line":168,"column":11}}]},"56":{"type":"branch","line":169,"loc":{"start":{"line":169,"column":8},"end":{"line":172,"column":9}},"locations":[{"start":{"line":169,"column":8},"end":{"line":172,"column":9}}]},"57":{"type":"branch","line":187,"loc":{"start":{"line":187,"column":11},"end":{"line":217,"column":7}},"locations":[{"start":{"line":187,"column":11},"end":{"line":217,"column":7}}]},"58":{"type":"branch","line":190,"loc":{"start":{"line":190,"column":52},"end":{"line":211,"column":17}},"locations":[{"start":{"line":190,"column":52},"end":{"line":211,"column":17}}]},"59":{"type":"branch","line":193,"loc":{"start":{"line":193,"column":47},"end":{"line":194,"column":95}},"locations":[{"start":{"line":193,"column":47},"end":{"line":194,"column":95}}]},"60":{"type":"branch","line":194,"loc":{"start":{"line":194,"column":38},"end":{"line":194,"column":95}},"locations":[{"start":{"line":194,"column":38},"end":{"line":194,"column":95}}]},"61":{"type":"branch","line":195,"loc":{"start":{"line":195,"column":14},"end":{"line":204,"column":19}},"locations":[{"start":{"line":195,"column":14},"end":{"line":204,"column":19}}]},"62":{"type":"branch","line":197,"loc":{"start":{"line":197,"column":68},"end":{"line":197,"column":91}},"locations":[{"start":{"line":197,"column":68},"end":{"line":197,"column":91}}]},"63":{"type":"branch","line":197,"loc":{"start":{"line":197,"column":87},"end":{"line":197,"column":97}},"locations":[{"start":{"line":197,"column":87},"end":{"line":197,"column":97}}]},"64":{"type":"branch","line":199,"loc":{"start":{"line":199,"column":68},"end":{"line":199,"column":79}},"locations":[{"start":{"line":199,"column":68},"end":{"line":199,"column":79}}]},"65":{"type":"branch","line":199,"loc":{"start":{"line":199,"column":72},"end":{"line":199,"column":88}},"locations":[{"start":{"line":199,"column":72},"end":{"line":199,"column":88}}]},"66":{"type":"branch","line":202,"loc":{"start":{"line":202,"column":41},"end":{"line":202,"column":65}},"locations":[{"start":{"line":202,"column":41},"end":{"line":202,"column":65}}]},"67":{"type":"branch","line":204,"loc":{"start":{"line":204,"column":12},"end":{"line":210,"column":13}},"locations":[{"start":{"line":204,"column":12},"end":{"line":210,"column":13}}]},"68":{"type":"branch","line":211,"loc":{"start":{"line":211,"column":10},"end":{"line":213,"column":11}},"locations":[{"start":{"line":211,"column":10},"end":{"line":213,"column":11}}]},"69":{"type":"branch","line":214,"loc":{"start":{"line":214,"column":8},"end":{"line":216,"column":9}},"locations":[{"start":{"line":214,"column":8},"end":{"line":216,"column":9}}]},"70":{"type":"branch","line":207,"loc":{"start":{"line":207,"column":18},"end":{"line":207,"column":59}},"locations":[{"start":{"line":207,"column":18},"end":{"line":207,"column":59}}]},"71":{"type":"branch","line":228,"loc":{"start":{"line":228,"column":10},"end":{"line":234,"column":3}},"locations":[{"start":{"line":228,"column":10},"end":{"line":234,"column":3}}]},"72":{"type":"branch","line":230,"loc":{"start":{"line":230,"column":17},"end":{"line":232,"column":5}},"locations":[{"start":{"line":230,"column":17},"end":{"line":232,"column":5}}]},"73":{"type":"branch","line":244,"loc":{"start":{"line":244,"column":10},"end":{"line":266,"column":3}},"locations":[{"start":{"line":244,"column":10},"end":{"line":266,"column":3}}]},"74":{"type":"branch","line":246,"loc":{"start":{"line":246,"column":36},"end":{"line":248,"column":5}},"locations":[{"start":{"line":246,"column":36},"end":{"line":248,"column":5}}]},"75":{"type":"branch","line":247,"loc":{"start":{"line":247,"column":26},"end":{"line":247,"column":34}},"locations":[{"start":{"line":247,"column":26},"end":{"line":247,"column":34}}]},"76":{"type":"branch","line":247,"loc":{"start":{"line":247,"column":29},"end":{"line":247,"column":39}},"locations":[{"start":{"line":247,"column":29},"end":{"line":247,"column":39}}]},"77":{"type":"branch","line":248,"loc":{"start":{"line":248,"column":4},"end":{"line":265,"column":5}},"locations":[{"start":{"line":248,"column":4},"end":{"line":265,"column":5}}]},"78":{"type":"branch","line":248,"loc":{"start":{"line":248,"column":4},"end":{"line":250,"column":36}},"locations":[{"start":{"line":248,"column":4},"end":{"line":250,"column":36}}]},"79":{"type":"branch","line":250,"loc":{"start":{"line":250,"column":36},"end":{"line":252,"column":5}},"locations":[{"start":{"line":250,"column":36},"end":{"line":252,"column":5}}]},"80":{"type":"branch","line":252,"loc":{"start":{"line":252,"column":4},"end":{"line":254,"column":37}},"locations":[{"start":{"line":252,"column":4},"end":{"line":254,"column":37}}]},"81":{"type":"branch","line":254,"loc":{"start":{"line":254,"column":37},"end":{"line":262,"column":5}},"locations":[{"start":{"line":254,"column":37},"end":{"line":262,"column":5}}]},"82":{"type":"branch","line":261,"loc":{"start":{"line":261,"column":26},"end":{"line":261,"column":34}},"locations":[{"start":{"line":261,"column":26},"end":{"line":261,"column":34}}]},"83":{"type":"branch","line":261,"loc":{"start":{"line":261,"column":29},"end":{"line":261,"column":39}},"locations":[{"start":{"line":261,"column":29},"end":{"line":261,"column":39}}]},"84":{"type":"branch","line":261,"loc":{"start":{"line":261,"column":69},"end":{"line":261,"column":79}},"locations":[{"start":{"line":261,"column":69},"end":{"line":261,"column":79}}]},"85":{"type":"branch","line":262,"loc":{"start":{"line":262,"column":4},"end":{"line":265,"column":5}},"locations":[{"start":{"line":262,"column":4},"end":{"line":265,"column":5}}]},"86":{"type":"branch","line":260,"loc":{"start":{"line":260,"column":36},"end":{"line":260,"column":75}},"locations":[{"start":{"line":260,"column":36},"end":{"line":260,"column":75}}]},"87":{"type":"branch","line":274,"loc":{"start":{"line":274,"column":10},"end":{"line":284,"column":3}},"locations":[{"start":{"line":274,"column":10},"end":{"line":284,"column":3}}]},"88":{"type":"branch","line":283,"loc":{"start":{"line":283,"column":11},"end":{"line":283,"column":33}},"locations":[{"start":{"line":283,"column":11},"end":{"line":283,"column":33}}]},"89":{"type":"branch","line":283,"loc":{"start":{"line":283,"column":33},"end":{"line":283,"column":69}},"locations":[{"start":{"line":283,"column":33},"end":{"line":283,"column":69}}]},"90":{"type":"branch","line":283,"loc":{"start":{"line":283,"column":65},"end":{"line":283,"column":74}},"locations":[{"start":{"line":283,"column":65},"end":{"line":283,"column":74}}]},"91":{"type":"branch","line":290,"loc":{"start":{"line":290,"column":10},"end":{"line":292,"column":3}},"locations":[{"start":{"line":290,"column":10},"end":{"line":292,"column":3}}]},"92":{"type":"branch","line":291,"loc":{"start":{"line":291,"column":31},"end":{"line":291,"column":46}},"locations":[{"start":{"line":291,"column":31},"end":{"line":291,"column":46}}]},"93":{"type":"branch","line":291,"loc":{"start":{"line":291,"column":39},"end":{"line":291,"column":52}},"locations":[{"start":{"line":291,"column":39},"end":{"line":291,"column":52}}]},"94":{"type":"branch","line":306,"loc":{"start":{"line":306,"column":9},"end":{"line":330,"column":3}},"locations":[{"start":{"line":306,"column":9},"end":{"line":330,"column":3}}]},"95":{"type":"branch","line":310,"loc":{"start":{"line":310,"column":6},"end":{"line":317,"column":13}},"locations":[{"start":{"line":310,"column":6},"end":{"line":317,"column":13}}]},"96":{"type":"branch","line":318,"loc":{"start":{"line":318,"column":6},"end":{"line":328,"column":12}},"locations":[{"start":{"line":318,"column":6},"end":{"line":328,"column":12}}]},"97":{"type":"branch","line":312,"loc":{"start":{"line":312,"column":18},"end":{"line":312,"column":44}},"locations":[{"start":{"line":312,"column":18},"end":{"line":312,"column":44}}]},"98":{"type":"branch","line":313,"loc":{"start":{"line":313,"column":19},"end":{"line":316,"column":11}},"locations":[{"start":{"line":313,"column":19},"end":{"line":316,"column":11}}]},"99":{"type":"branch","line":322,"loc":{"start":{"line":322,"column":18},"end":{"line":324,"column":11}},"locations":[{"start":{"line":322,"column":18},"end":{"line":324,"column":11}}]},"100":{"type":"branch","line":323,"loc":{"start":{"line":323,"column":33},"end":{"line":323,"column":58}},"locations":[{"start":{"line":323,"column":33},"end":{"line":323,"column":58}}]},"101":{"type":"branch","line":325,"loc":{"start":{"line":325,"column":15},"end":{"line":328,"column":11}},"locations":[{"start":{"line":325,"column":15},"end":{"line":328,"column":11}}]},"102":{"type":"branch","line":335,"loc":{"start":{"line":335,"column":9},"end":{"line":342,"column":3}},"locations":[{"start":{"line":335,"column":9},"end":{"line":342,"column":3}}]},"103":{"type":"branch","line":336,"loc":{"start":{"line":336,"column":16},"end":{"line":338,"column":11}},"locations":[{"start":{"line":336,"column":16},"end":{"line":338,"column":11}}]},"104":{"type":"branch","line":338,"loc":{"start":{"line":338,"column":4},"end":{"line":341,"column":5}},"locations":[{"start":{"line":338,"column":4},"end":{"line":341,"column":5}}]},"105":{"type":"branch","line":348,"loc":{"start":{"line":348,"column":9},"end":{"line":350,"column":3}},"locations":[{"start":{"line":348,"column":9},"end":{"line":350,"column":3}}]},"106":{"type":"branch","line":351,"loc":{"start":{"line":351,"column":9},"end":{"line":353,"column":3}},"locations":[{"start":{"line":351,"column":9},"end":{"line":353,"column":3}}]},"107":{"type":"branch","line":355,"loc":{"start":{"line":355,"column":9},"end":{"line":359,"column":3}},"locations":[{"start":{"line":355,"column":9},"end":{"line":359,"column":3}}]},"108":{"type":"branch","line":356,"loc":{"start":{"line":356,"column":31},"end":{"line":358,"column":5}},"locations":[{"start":{"line":356,"column":31},"end":{"line":358,"column":5}}]},"109":{"type":"branch","line":365,"loc":{"start":{"line":365,"column":9},"end":{"line":377,"column":3}},"locations":[{"start":{"line":365,"column":9},"end":{"line":377,"column":3}}]},"110":{"type":"branch","line":366,"loc":{"start":{"line":366,"column":36},"end":{"line":376,"column":5}},"locations":[{"start":{"line":366,"column":36},"end":{"line":376,"column":5}}]},"111":{"type":"branch","line":366,"loc":{"start":{"line":366,"column":36},"end":{"line":370,"column":11}},"locations":[{"start":{"line":366,"column":36},"end":{"line":370,"column":11}}]},"112":{"type":"branch","line":367,"loc":{"start":{"line":367,"column":37},"end":{"line":367,"column":61}},"locations":[{"start":{"line":367,"column":37},"end":{"line":367,"column":61}}]},"113":{"type":"branch","line":371,"loc":{"start":{"line":371,"column":34},"end":{"line":375,"column":7}},"locations":[{"start":{"line":371,"column":34},"end":{"line":375,"column":7}}]},"114":{"type":"branch","line":372,"loc":{"start":{"line":372,"column":38},"end":{"line":372,"column":62}},"locations":[{"start":{"line":372,"column":38},"end":{"line":372,"column":62}}]},"115":{"type":"branch","line":383,"loc":{"start":{"line":383,"column":9},"end":{"line":397,"column":3}},"locations":[{"start":{"line":383,"column":9},"end":{"line":397,"column":3}}]},"116":{"type":"branch","line":384,"loc":{"start":{"line":384,"column":36},"end":{"line":396,"column":5}},"locations":[{"start":{"line":384,"column":36},"end":{"line":396,"column":5}}]},"117":{"type":"branch","line":385,"loc":{"start":{"line":385,"column":37},"end":{"line":385,"column":61}},"locations":[{"start":{"line":385,"column":37},"end":{"line":385,"column":61}}]},"118":{"type":"branch","line":390,"loc":{"start":{"line":390,"column":34},"end":{"line":395,"column":7}},"locations":[{"start":{"line":390,"column":34},"end":{"line":395,"column":7}}]},"119":{"type":"branch","line":391,"loc":{"start":{"line":391,"column":38},"end":{"line":391,"column":62}},"locations":[{"start":{"line":391,"column":38},"end":{"line":391,"column":62}}]},"120":{"type":"branch","line":402,"loc":{"start":{"line":402,"column":9},"end":{"line":414,"column":3}},"locations":[{"start":{"line":402,"column":9},"end":{"line":414,"column":3}}]},"121":{"type":"branch","line":407,"loc":{"start":{"line":407,"column":28},"end":{"line":407,"column":50}},"locations":[{"start":{"line":407,"column":28},"end":{"line":407,"column":50}}]},"122":{"type":"branch","line":411,"loc":{"start":{"line":411,"column":28},"end":{"line":411,"column":52}},"locations":[{"start":{"line":411,"column":28},"end":{"line":411,"column":52}}]},"123":{"type":"branch","line":415,"loc":{"start":{"line":415,"column":9},"end":{"line":417,"column":3}},"locations":[{"start":{"line":415,"column":9},"end":{"line":417,"column":3}}]},"124":{"type":"branch","line":416,"loc":{"start":{"line":416,"column":11},"end":{"line":416,"column":36}},"locations":[{"start":{"line":416,"column":11},"end":{"line":416,"column":36}}]},"125":{"type":"branch","line":416,"loc":{"start":{"line":416,"column":32},"end":{"line":416,"column":47}},"locations":[{"start":{"line":416,"column":32},"end":{"line":416,"column":47}}]},"126":{"type":"branch","line":418,"loc":{"start":{"line":418,"column":9},"end":{"line":420,"column":3}},"locations":[{"start":{"line":418,"column":9},"end":{"line":420,"column":3}}]},"127":{"type":"branch","line":421,"loc":{"start":{"line":421,"column":9},"end":{"line":423,"column":3}},"locations":[{"start":{"line":421,"column":9},"end":{"line":423,"column":3}}]}},"b":{"0":[41],"1":[41],"2":[20],"3":[0],"4":[0],"5":[40],"6":[0],"7":[2],"8":[20],"9":[20],"10":[20],"11":[2],"12":[0],"13":[40],"14":[177],"15":[40],"16":[0],"17":[37],"18":[0],"19":[0],"20":[0],"21":[1],"22":[0],"23":[0],"24":[0],"25":[39],"26":[6],"27":[0],"28":[162],"29":[0],"30":[161],"31":[161],"32":[78],"33":[159],"34":[2],"35":[713],"36":[439],"37":[40],"38":[75],"39":[64],"40":[48],"41":[41],"42":[33],"43":[9],"44":[32],"45":[24],"46":[23],"47":[10],"48":[0],"49":[33],"50":[33],"51":[8],"52":[2],"53":[33],"54":[31],"55":[11],"56":[11],"57":[62],"58":[60],"59":[8],"60":[3],"61":[54],"62":[12],"63":[42],"64":[12],"65":[42],"66":[0],"67":[6],"68":[2],"69":[10],"70":[6],"71":[161],"72":[224],"73":[487],"74":[137],"75":[41],"76":[96],"77":[409],"78":[350],"79":[30],"80":[320],"81":[319],"82":[93],"83":[226],"84":[0],"85":[1],"86":[1276],"87":[31],"88":[24],"89":[10],"90":[21],"91":[124],"92":[4],"93":[120],"94":[22],"95":[19],"96":[3],"97":[5],"98":[2],"99":[3],"100":[2],"101":[1],"102":[5],"103":[4],"104":[1],"105":[44],"106":[42],"107":[2],"108":[2],"109":[5],"110":[3],"111":[2],"112":[0],"113":[10],"114":[0],"115":[4],"116":[2],"117":[0],"118":[4],"119":[0],"120":[2],"121":[1],"122":[1],"123":[6],"124":[5],"125":[1],"126":[2],"127":[2]},"fnMap":{"0":{"name":"NormlFunc","decl":{"start":{"line":12,"column":18},"end":{"line":12,"column":33}},"loc":{"start":{"line":12,"column":18},"end":{"line":12,"column":33}},"line":12},"1":{"name":"AsyncFunc","decl":{"start":{"line":13,"column":18},"end":{"line":13,"column":39}},"loc":{"start":{"line":13,"column":18},"end":{"line":13,"column":39}},"line":13},"2":{"name":"<instance_members_initializer>","decl":{"start":{"line":19,"column":7},"end":{"line":424,"column":1}},"loc":{"start":{"line":19,"column":7},"end":{"line":424,"column":1}},"line":19},"3":{"name":"VmoStore","decl":{"start":{"line":31,"column":2},"end":{"line":53,"column":3}},"loc":{"start":{"line":31,"column":2},"end":{"line":53,"column":3}},"line":31},"4":{"name":"_shallowClone","decl":{"start":{"line":59,"column":10},"end":{"line":65,"column":3}},"loc":{"start":{"line":59,"column":10},"end":{"line":65,"column":3}},"line":59},"5":{"name":"_getCache","decl":{"start":{"line":74,"column":10},"end":{"line":100,"column":3}},"loc":{"start":{"line":74,"column":10},"end":{"line":100,"column":3}},"line":74},"6":{"name":"_setCache","decl":{"start":{"line":101,"column":10},"end":{"line":119,"column":3}},"loc":{"start":{"line":101,"column":10},"end":{"line":119,"column":3}},"line":101},"7":{"name":"_createProxy","decl":{"start":{"line":125,"column":10},"end":{"line":221,"column":3}},"loc":{"start":{"line":125,"column":10},"end":{"line":221,"column":3}},"line":125},"8":{"name":"get","decl":{"start":{"line":141,"column":11},"end":{"line":173,"column":8}},"loc":{"start":{"line":141,"column":11},"end":{"line":173,"column":8}},"line":141},"9":{"name":"set","decl":{"start":{"line":187,"column":11},"end":{"line":217,"column":7}},"loc":{"start":{"line":187,"column":11},"end":{"line":217,"column":7}},"line":187},"10":{"name":"_pick","decl":{"start":{"line":228,"column":10},"end":{"line":234,"column":3}},"loc":{"start":{"line":228,"column":10},"end":{"line":234,"column":3}},"line":228},"11":{"name":"_getExpiredTime","decl":{"start":{"line":244,"column":10},"end":{"line":266,"column":3}},"loc":{"start":{"line":244,"column":10},"end":{"line":266,"column":3}},"line":244},"12":{"name":"_getDefaultValue","decl":{"start":{"line":274,"column":10},"end":{"line":284,"column":3}},"loc":{"start":{"line":274,"column":10},"end":{"line":284,"column":3}},"line":274},"13":{"name":"_getTypes","decl":{"start":{"line":290,"column":10},"end":{"line":292,"column":3}},"loc":{"start":{"line":290,"column":10},"end":{"line":292,"column":3}},"line":290},"14":{"name":"clearUnusedCache","decl":{"start":{"line":306,"column":9},"end":{"line":330,"column":3}},"loc":{"start":{"line":306,"column":9},"end":{"line":330,"column":3}},"line":306},"15":{"name":"clear","decl":{"start":{"line":335,"column":9},"end":{"line":342,"column":3}},"loc":{"start":{"line":335,"column":9},"end":{"line":342,"column":3}},"line":335},"16":{"name":"getData","decl":{"start":{"line":348,"column":9},"end":{"line":350,"column":3}},"loc":{"start":{"line":348,"column":9},"end":{"line":350,"column":3}},"line":348},"17":{"name":"setData","decl":{"start":{"line":351,"column":9},"end":{"line":353,"column":3}},"loc":{"start":{"line":351,"column":9},"end":{"line":353,"column":3}},"line":351},"18":{"name":"updateProp","decl":{"start":{"line":355,"column":9},"end":{"line":359,"column":3}},"loc":{"start":{"line":355,"column":9},"end":{"line":359,"column":3}},"line":355},"19":{"name":"clearData","decl":{"start":{"line":365,"column":9},"end":{"line":377,"column":3}},"loc":{"start":{"line":365,"column":9},"end":{"line":377,"column":3}},"line":365},"20":{"name":"removeProp","decl":{"start":{"line":383,"column":9},"end":{"line":397,"column":3}},"loc":{"start":{"line":383,"column":9},"end":{"line":397,"column":3}},"line":383},"21":{"name":"getCapacity","decl":{"start":{"line":402,"column":9},"end":{"line":414,"column":3}},"loc":{"start":{"line":402,"column":9},"end":{"line":414,"column":3}},"line":402},"22":{"name":"getProps","decl":{"start":{"line":415,"column":9},"end":{"line":417,"column":3}},"loc":{"start":{"line":415,"column":9},"end":{"line":417,"column":3}},"line":415},"23":{"name":"getCryptoKey","decl":{"start":{"line":418,"column":9},"end":{"line":420,"column":3}},"loc":{"start":{"line":418,"column":9},"end":{"line":420,"column":3}},"line":418},"24":{"name":"getNameSpace","decl":{"start":{"line":421,"column":9},"end":{"line":423,"column":3}},"loc":{"start":{"line":421,"column":9},"end":{"line":423,"column":3}},"line":421}},"f":{"0":0,"1":0,"2":41,"3":41,"4":40,"5":40,"6":162,"7":40,"8":75,"9":62,"10":161,"11":487,"12":31,"13":124,"14":22,"15":5,"16":44,"17":42,"18":2,"19":5,"20":4,"21":2,"22":6,"23":2,"24":2}}
}
